<?xml version="1.0" encoding="UTF-8"?>
<TestRun id="9c62543e-cf63-4eb4-8ab8-a0d3fca4b907" name="Tom@HAL 2012-04-29 11:03:57" runUser="Hal\Tom" xmlns="http://microsoft.com/schemas/VisualStudio/TeamTest/2010">
  <TestSettings name="Local" id="feab0091-aeb5-4294-8a78-86a43346a953">
    <Description>These are default test settings for a local test run.</Description>
    <Deployment enabled="false" runDeploymentRoot="Tom_HAL 2012-04-29 11_03_57">
      <DeploymentItem filename="C:\dev\recurly-client-net\Recurly.js\bin\Debug\Recurly.js.dll" />
    </Deployment>
    <Execution>
      <TestTypeSpecific />
      <AgentRule name="Execution Agents">
      </AgentRule>
    </Execution>
  </TestSettings>
  <Times creation="2012-04-29T11:03:57.0807872+01:00" queuing="2012-04-29T11:03:59.0118976+01:00" start="2012-04-29T11:03:59.2029086+01:00" finish="2012-04-29T11:05:10.8348153+01:00" />
  <ResultSummary outcome="Error">
    <Counters total="1" executed="1" error="0" failed="0" timeout="0" aborted="1" inconclusive="0" passedButRunAborted="0" notRunnable="0" notExecuted="0" disconnected="0" warning="0" passed="0" completed="0" inProgress="0" pending="0" />
    <RunInfos>
      <RunInfo computerName="HAL" outcome="Error" timestamp="2012-04-29T11:05:10.8338153+01:00">
        <Text>Test host process exited unexpectedly.</Text>
      </RunInfo>
    </RunInfos>
  </ResultSummary>
  <TestDefinitions>
    <UnitTest name="Sign_Transaction" storage="c:\dev\recurly-client-net\recurly.js.test\bin\debug\recurly.js.test.dll" id="8822bc8f-e5a5-a0ad-12ae-f3fcc06d6c56">
      <Execution id="2c173eb8-9cb3-4da1-b4bd-9bae3e44f012" />
      <TestMethod codeBase="C:/dev/recurly-client-net/Recurly.js.Test/bin/Debug/Recurly.js.Test.DLL" adapterTypeName="Microsoft.VisualStudio.TestTools.TestTypes.Unit.UnitTestAdapter, Microsoft.VisualStudio.QualityTools.Tips.UnitTest.Adapter, Version=10.0.0.0, Culture=neutral, PublicKeyToken=b03f5f7f11d50a3a" className="Recurly.js.Test.UnitTest1, Recurly.js.Test, Version=1.0.0.0, Culture=neutral, PublicKeyToken=null" name="Sign_Transaction" />
    </UnitTest>
  </TestDefinitions>
  <TestLists>
    <TestList name="Results Not in a List" id="8c84fa94-04c1-424b-9868-57a2d4851a1d" />
    <TestList name="All Loaded Results" id="19431567-8539-422a-85d7-44ee4e166bda" />
  </TestLists>
  <TestEntries>
    <TestEntry testId="8822bc8f-e5a5-a0ad-12ae-f3fcc06d6c56" executionId="2c173eb8-9cb3-4da1-b4bd-9bae3e44f012" testListId="8c84fa94-04c1-424b-9868-57a2d4851a1d" />
  </TestEntries>
  <Results>
    <UnitTestResult executionId="2c173eb8-9cb3-4da1-b4bd-9bae3e44f012" testId="8822bc8f-e5a5-a0ad-12ae-f3fcc06d6c56" testName="Sign_Transaction" computerName="HAL" duration="00:01:11.4998992" startTime="2012-04-29T11:03:59.3349161+01:00" endTime="2012-04-29T11:05:10.8348153+01:00" testType="13cdc9d9-ddb5-4fa4-a97d-d965ccfc6d4b" outcome="Aborted" testListId="8c84fa94-04c1-424b-9868-57a2d4851a1d" relativeResultsDirectory="2c173eb8-9cb3-4da1-b4bd-9bae3e44f012">
    </UnitTestResult>
  </Results>
</TestRun>