<?xml version="1.0" encoding="UTF-8"?>
<TestRun id="5f6780b0-6c57-4f3f-b2b2-7a2e25ee5080" name="Tom@HAL 2012-04-29 10:02:24" runUser="Hal\Tom" xmlns="http://microsoft.com/schemas/VisualStudio/TeamTest/2010">
  <TestSettings name="Local" id="feab0091-aeb5-4294-8a78-86a43346a953">
    <Description>These are default test settings for a local test run.</Description>
    <Deployment enabled="false" runDeploymentRoot="Tom_HAL 2012-04-29 10_02_24">
      <DeploymentItem filename="C:\dev\recurly-client-net\Library\bin\Debug\Recurly.dll" />
    </Deployment>
    <Execution>
      <TestTypeSpecific />
      <AgentRule name="Execution Agents">
      </AgentRule>
    </Execution>
  </TestSettings>
  <Times creation="2012-04-29T10:02:24.6625320+01:00" queuing="2012-04-29T10:02:24.7155350+01:00" start="2012-04-29T10:02:24.7285358+01:00" finish="2012-04-29T10:02:25.8595960+01:00" />
  <ResultSummary outcome="Failed">
    <Counters total="11" executed="11" error="0" failed="11" timeout="0" aborted="0" inconclusive="0" passedButRunAborted="0" notRunnable="0" notExecuted="0" disconnected="0" warning="0" passed="0" completed="0" inProgress="0" pending="0" />
  </ResultSummary>
  <TestDefinitions>
    <UnitTest name="LookupMissingInfo" storage="c:\dev\recurly-client-net\test\bin\debug\recurly.test.dll" id="dccb6676-35d0-8168-53a2-74eabb0b5bb4">
      <Execution id="e45e904a-1e68-401a-b873-05a35e86caf1" />
      <TestMethod codeBase="C:/dev/recurly-client-net/Test/bin/Debug/Recurly.Test.DLL" adapterTypeName="Microsoft.VisualStudio.TestTools.TestTypes.Unit.UnitTestAdapter, Microsoft.VisualStudio.QualityTools.Tips.UnitTest.Adapter, Version=10.0.0.0, Culture=neutral, PublicKeyToken=b03f5f7f11d50a3a" className="Recurly.Test.BillingInfoTest, Recurly.Test, Version=1.0.0.0, Culture=neutral, PublicKeyToken=null" name="LookupMissingInfo" />
    </UnitTest>
    <UnitTest name="CreateCharge" storage="c:\dev\recurly-client-net\test\bin\debug\recurly.test.dll" id="79fb443b-d487-1a28-6d30-ee3ce4148245">
      <Execution id="11d77292-b1d7-420d-a4e0-ab377bef674e" />
      <TestMethod codeBase="C:/dev/recurly-client-net/Test/bin/Debug/Recurly.Test.DLL" adapterTypeName="Microsoft.VisualStudio.TestTools.TestTypes.Unit.UnitTestAdapter, Microsoft.VisualStudio.QualityTools.Tips.UnitTest.Adapter, Version=10.0.0.0, Culture=neutral, PublicKeyToken=b03f5f7f11d50a3a" className="Recurly.Test.ChargeTest, Recurly.Test, Version=1.0.0.0, Culture=neutral, PublicKeyToken=null" name="CreateCharge" />
    </UnitTest>
    <UnitTest name="LookupBillingInfo" storage="c:\dev\recurly-client-net\test\bin\debug\recurly.test.dll" id="d019bb13-703c-670e-55fa-9f242541f50d">
      <Execution id="0119d269-1335-46a3-9d16-92143a02dc47" />
      <TestMethod codeBase="C:/dev/recurly-client-net/Test/bin/Debug/Recurly.Test.DLL" adapterTypeName="Microsoft.VisualStudio.TestTools.TestTypes.Unit.UnitTestAdapter, Microsoft.VisualStudio.QualityTools.Tips.UnitTest.Adapter, Version=10.0.0.0, Culture=neutral, PublicKeyToken=b03f5f7f11d50a3a" className="Recurly.Test.BillingInfoTest, Recurly.Test, Version=1.0.0.0, Culture=neutral, PublicKeyToken=null" name="LookupBillingInfo" />
    </UnitTest>
    <UnitTest name="UpdateAccount" storage="c:\dev\recurly-client-net\test\bin\debug\recurly.test.dll" id="5f478640-42ae-5fec-26d8-f773afb4102b">
      <Execution id="0ceb5fd6-a5bb-4b89-a3ee-9f05d66bb45b" />
      <TestMethod codeBase="C:/dev/recurly-client-net/Test/bin/Debug/Recurly.Test.DLL" adapterTypeName="Microsoft.VisualStudio.TestTools.TestTypes.Unit.UnitTestAdapter, Microsoft.VisualStudio.QualityTools.Tips.UnitTest.Adapter, Version=10.0.0.0, Culture=neutral, PublicKeyToken=b03f5f7f11d50a3a" className="Recurly.Test.AccountTest, Recurly.Test, Version=1.0.0.0, Culture=neutral, PublicKeyToken=null" name="UpdateAccount" />
    </UnitTest>
    <UnitTest name="ClearBillingInfo" storage="c:\dev\recurly-client-net\test\bin\debug\recurly.test.dll" id="a6307c88-6880-eff7-6b98-8cec0f77ea74">
      <Execution id="6d9a3f21-18ed-419e-acb6-219fb0b012c0" />
      <TestMethod codeBase="C:/dev/recurly-client-net/Test/bin/Debug/Recurly.Test.DLL" adapterTypeName="Microsoft.VisualStudio.TestTools.TestTypes.Unit.UnitTestAdapter, Microsoft.VisualStudio.QualityTools.Tips.UnitTest.Adapter, Version=10.0.0.0, Culture=neutral, PublicKeyToken=b03f5f7f11d50a3a" className="Recurly.Test.BillingInfoTest, Recurly.Test, Version=1.0.0.0, Culture=neutral, PublicKeyToken=null" name="ClearBillingInfo" />
    </UnitTest>
    <UnitTest name="CloseAccount" storage="c:\dev\recurly-client-net\test\bin\debug\recurly.test.dll" id="839b8906-fa97-3e4a-912c-81ae53cc31d4">
      <Execution id="36c091b8-928a-46ac-82c3-a305626022fe" />
      <TestMethod codeBase="C:/dev/recurly-client-net/Test/bin/Debug/Recurly.Test.DLL" adapterTypeName="Microsoft.VisualStudio.TestTools.TestTypes.Unit.UnitTestAdapter, Microsoft.VisualStudio.QualityTools.Tips.UnitTest.Adapter, Version=10.0.0.0, Culture=neutral, PublicKeyToken=b03f5f7f11d50a3a" className="Recurly.Test.AccountTest, Recurly.Test, Version=1.0.0.0, Culture=neutral, PublicKeyToken=null" name="CloseAccount" />
    </UnitTest>
    <UnitTest name="FindNonExistantAccount" storage="c:\dev\recurly-client-net\test\bin\debug\recurly.test.dll" id="e3e106a3-a7e5-0d52-b37f-86781792e573">
      <Execution id="79433d8b-045b-4784-8a7b-0b02a45f3c83" />
      <TestMethod codeBase="C:/dev/recurly-client-net/Test/bin/Debug/Recurly.Test.DLL" adapterTypeName="Microsoft.VisualStudio.TestTools.TestTypes.Unit.UnitTestAdapter, Microsoft.VisualStudio.QualityTools.Tips.UnitTest.Adapter, Version=10.0.0.0, Culture=neutral, PublicKeyToken=b03f5f7f11d50a3a" className="Recurly.Test.AccountTest, Recurly.Test, Version=1.0.0.0, Culture=neutral, PublicKeyToken=null" name="FindNonExistantAccount" />
    </UnitTest>
    <UnitTest name="UpdateBillingInfo" storage="c:\dev\recurly-client-net\test\bin\debug\recurly.test.dll" id="9e6ebedd-09f9-25f9-315f-752d97126c08">
      <Execution id="fba5acd3-db0b-4841-844a-0555d6d39637" />
      <TestMethod codeBase="C:/dev/recurly-client-net/Test/bin/Debug/Recurly.Test.DLL" adapterTypeName="Microsoft.VisualStudio.TestTools.TestTypes.Unit.UnitTestAdapter, Microsoft.VisualStudio.QualityTools.Tips.UnitTest.Adapter, Version=10.0.0.0, Culture=neutral, PublicKeyToken=b03f5f7f11d50a3a" className="Recurly.Test.BillingInfoTest, Recurly.Test, Version=1.0.0.0, Culture=neutral, PublicKeyToken=null" name="UpdateBillingInfo" />
    </UnitTest>
    <UnitTest name="CreateAccount" storage="c:\dev\recurly-client-net\test\bin\debug\recurly.test.dll" id="00fdf40d-2a23-a5f4-85a5-3841337d8c48">
      <Execution id="27805ede-d296-4594-85ee-794d8e69e26e" />
      <TestMethod codeBase="C:/dev/recurly-client-net/Test/bin/Debug/Recurly.Test.DLL" adapterTypeName="Microsoft.VisualStudio.TestTools.TestTypes.Unit.UnitTestAdapter, Microsoft.VisualStudio.QualityTools.Tips.UnitTest.Adapter, Version=10.0.0.0, Culture=neutral, PublicKeyToken=b03f5f7f11d50a3a" className="Recurly.Test.AccountTest, Recurly.Test, Version=1.0.0.0, Culture=neutral, PublicKeyToken=null" name="CreateAccount" />
    </UnitTest>
    <UnitTest name="LookupAccount" storage="c:\dev\recurly-client-net\test\bin\debug\recurly.test.dll" id="cbafa9f1-e281-0f55-769d-8ce4bf7d8553">
      <Execution id="a36083a7-0914-407f-8ea4-0604efb97cc1" />
      <TestMethod codeBase="C:/dev/recurly-client-net/Test/bin/Debug/Recurly.Test.DLL" adapterTypeName="Microsoft.VisualStudio.TestTools.TestTypes.Unit.UnitTestAdapter, Microsoft.VisualStudio.QualityTools.Tips.UnitTest.Adapter, Version=10.0.0.0, Culture=neutral, PublicKeyToken=b03f5f7f11d50a3a" className="Recurly.Test.AccountTest, Recurly.Test, Version=1.0.0.0, Culture=neutral, PublicKeyToken=null" name="LookupAccount" />
    </UnitTest>
    <UnitTest name="CloseAccount" storage="c:\dev\recurly-client-net\test\bin\debug\recurly.test.dll" id="e4eb6404-fb29-be97-1070-b69e8b647ace">
      <Execution id="b0a1ca09-c989-40f1-b67e-0bb1b7d86d4e" />
      <TestMethod codeBase="C:/dev/recurly-client-net/Test/bin/Debug/Recurly.Test.DLL" adapterTypeName="Microsoft.VisualStudio.TestTools.TestTypes.Unit.UnitTestAdapter, Microsoft.VisualStudio.QualityTools.Tips.UnitTest.Adapter, Version=10.0.0.0, Culture=neutral, PublicKeyToken=b03f5f7f11d50a3a" className="Recurly.Test.BillingInfoTest, Recurly.Test, Version=1.0.0.0, Culture=neutral, PublicKeyToken=null" name="CloseAccount" />
    </UnitTest>
  </TestDefinitions>
  <TestLists>
    <TestList name="Results Not in a List" id="8c84fa94-04c1-424b-9868-57a2d4851a1d" />
    <TestList name="All Loaded Results" id="19431567-8539-422a-85d7-44ee4e166bda" />
  </TestLists>
  <TestEntries>
    <TestEntry testId="00fdf40d-2a23-a5f4-85a5-3841337d8c48" executionId="27805ede-d296-4594-85ee-794d8e69e26e" testListId="8c84fa94-04c1-424b-9868-57a2d4851a1d" />
    <TestEntry testId="5f478640-42ae-5fec-26d8-f773afb4102b" executionId="0ceb5fd6-a5bb-4b89-a3ee-9f05d66bb45b" testListId="8c84fa94-04c1-424b-9868-57a2d4851a1d" />
    <TestEntry testId="79fb443b-d487-1a28-6d30-ee3ce4148245" executionId="11d77292-b1d7-420d-a4e0-ab377bef674e" testListId="8c84fa94-04c1-424b-9868-57a2d4851a1d" />
    <TestEntry testId="839b8906-fa97-3e4a-912c-81ae53cc31d4" executionId="36c091b8-928a-46ac-82c3-a305626022fe" testListId="8c84fa94-04c1-424b-9868-57a2d4851a1d" />
    <TestEntry testId="9e6ebedd-09f9-25f9-315f-752d97126c08" executionId="fba5acd3-db0b-4841-844a-0555d6d39637" testListId="8c84fa94-04c1-424b-9868-57a2d4851a1d" />
    <TestEntry testId="a6307c88-6880-eff7-6b98-8cec0f77ea74" executionId="6d9a3f21-18ed-419e-acb6-219fb0b012c0" testListId="8c84fa94-04c1-424b-9868-57a2d4851a1d" />
    <TestEntry testId="cbafa9f1-e281-0f55-769d-8ce4bf7d8553" executionId="a36083a7-0914-407f-8ea4-0604efb97cc1" testListId="8c84fa94-04c1-424b-9868-57a2d4851a1d" />
    <TestEntry testId="d019bb13-703c-670e-55fa-9f242541f50d" executionId="0119d269-1335-46a3-9d16-92143a02dc47" testListId="8c84fa94-04c1-424b-9868-57a2d4851a1d" />
    <TestEntry testId="dccb6676-35d0-8168-53a2-74eabb0b5bb4" executionId="e45e904a-1e68-401a-b873-05a35e86caf1" testListId="8c84fa94-04c1-424b-9868-57a2d4851a1d" />
    <TestEntry testId="e3e106a3-a7e5-0d52-b37f-86781792e573" executionId="79433d8b-045b-4784-8a7b-0b02a45f3c83" testListId="8c84fa94-04c1-424b-9868-57a2d4851a1d" />
    <TestEntry testId="e4eb6404-fb29-be97-1070-b69e8b647ace" executionId="b0a1ca09-c989-40f1-b67e-0bb1b7d86d4e" testListId="8c84fa94-04c1-424b-9868-57a2d4851a1d" />
  </TestEntries>
  <Results>
    <UnitTestResult executionId="27805ede-d296-4594-85ee-794d8e69e26e" testId="00fdf40d-2a23-a5f4-85a5-3841337d8c48" testName="CreateAccount" computerName="HAL" duration="00:00:00.2586052" startTime="2012-04-29T10:02:24.9205468+01:00" endTime="2012-04-29T10:02:25.4275758+01:00" testType="13cdc9d9-ddb5-4fa4-a97d-d965ccfc6d4b" outcome="Failed" testListId="8c84fa94-04c1-424b-9868-57a2d4851a1d" relativeResultsDirectory="27805ede-d296-4594-85ee-794d8e69e26e">
      <Output>
        <ErrorInfo>
          <Message>Test method Recurly.Test.AccountTest.CreateAccount threw exception: 
System.Configuration.ConfigurationErrorsException: Unrecognized attribute 'username'. Note that attribute names are case-sensitive. (C:\dev\recurly-client-net\Test\bin\Debug\Recurly.Test.DLL.config line 6)</Message>
          <StackTrace>    at System.Configuration.BaseConfigurationRecord.EvaluateOne(String[] keys, SectionInput input, Boolean isTrusted, FactoryRecord factoryRecord, SectionRecord sectionRecord, Object parentResult)
   at System.Configuration.BaseConfigurationRecord.Evaluate(FactoryRecord factoryRecord, SectionRecord sectionRecord, Object parentResult, Boolean getLkg, Boolean getRuntimeObject, Object&amp; result, Object&amp; resultRuntimeObject)
   at System.Configuration.BaseConfigurationRecord.GetSectionRecursive(String configKey, Boolean getLkg, Boolean checkPermission, Boolean getRuntimeObject, Boolean requestIsHere, Object&amp; result, Object&amp; resultRuntimeObject)
   at System.Configuration.BaseConfigurationRecord.GetSectionRecursive(String configKey, Boolean getLkg, Boolean checkPermission, Boolean getRuntimeObject, Boolean requestIsHere, Object&amp; result, Object&amp; resultRuntimeObject)
   at System.Configuration.BaseConfigurationRecord.GetSectionRecursive(String configKey, Boolean getLkg, Boolean checkPermission, Boolean getRuntimeObject, Boolean requestIsHere, Object&amp; result, Object&amp; resultRuntimeObject)
   at System.Configuration.BaseConfigurationRecord.GetSection(String configKey)
   at System.Configuration.ClientConfigurationSystem.System.Configuration.Internal.IInternalConfigSystem.GetSection(String sectionName)
   at System.Configuration.ConfigurationManager.GetSection(String sectionName)
   at Recurly.Configuration.RecurlySection.get_Current() in C:\dev\recurly-client-net\Library\Configuration\RecurlySection.cs:line 15
   at Recurly.RecurlyClient.get_Environment() in C:\dev\recurly-client-net\Library\RecurlyClient.cs:line 33
   at Recurly.RecurlyClient.PerformRequest(HttpRequestMethod method, String urlPath, WriteXmlDelegate writeXmlDelegate, ReadXmlDelegate readXmlDelegate) in C:\dev\recurly-client-net\Library\RecurlyClient.cs:line 130
   at Recurly.RecurlyClient.PerformRequest(HttpRequestMethod method, String urlPath, WriteXmlDelegate writeXmlDelegate) in C:\dev\recurly-client-net\Library\RecurlyClient.cs:line 124
   at Recurly.RecurlyAccount.Create() in C:\dev\recurly-client-net\Library\RecurlyAccount.cs:line 66
   at Recurly.Test.AccountTest.CreateAccount() in C:\dev\recurly-client-net\Test\AccountTest.cs:line 17
</StackTrace>
        </ErrorInfo>
      </Output>
    </UnitTestResult>
    <UnitTestResult executionId="0ceb5fd6-a5bb-4b89-a3ee-9f05d66bb45b" testId="5f478640-42ae-5fec-26d8-f773afb4102b" testName="UpdateAccount" computerName="HAL" duration="00:00:00.0023644" startTime="2012-04-29T10:02:25.4305759+01:00" endTime="2012-04-29T10:02:25.4355762+01:00" testType="13cdc9d9-ddb5-4fa4-a97d-d965ccfc6d4b" outcome="Failed" testListId="8c84fa94-04c1-424b-9868-57a2d4851a1d" relativeResultsDirectory="0ceb5fd6-a5bb-4b89-a3ee-9f05d66bb45b">
      <Output>
        <ErrorInfo>
          <Message>Test method Recurly.Test.AccountTest.UpdateAccount threw exception: 
System.Configuration.ConfigurationErrorsException: Unrecognized attribute 'username'. Note that attribute names are case-sensitive. (C:\dev\recurly-client-net\Test\bin\Debug\Recurly.Test.DLL.config line 6)</Message>
          <StackTrace>    at System.Configuration.BaseConfigurationRecord.EvaluateOne(String[] keys, SectionInput input, Boolean isTrusted, FactoryRecord factoryRecord, SectionRecord sectionRecord, Object parentResult)
   at System.Configuration.BaseConfigurationRecord.Evaluate(FactoryRecord factoryRecord, SectionRecord sectionRecord, Object parentResult, Boolean getLkg, Boolean getRuntimeObject, Object&amp; result, Object&amp; resultRuntimeObject)
   at System.Configuration.BaseConfigurationRecord.GetSectionRecursive(String configKey, Boolean getLkg, Boolean checkPermission, Boolean getRuntimeObject, Boolean requestIsHere, Object&amp; result, Object&amp; resultRuntimeObject)
   at System.Configuration.BaseConfigurationRecord.GetSectionRecursive(String configKey, Boolean getLkg, Boolean checkPermission, Boolean getRuntimeObject, Boolean requestIsHere, Object&amp; result, Object&amp; resultRuntimeObject)
   at System.Configuration.BaseConfigurationRecord.GetSectionRecursive(String configKey, Boolean getLkg, Boolean checkPermission, Boolean getRuntimeObject, Boolean requestIsHere, Object&amp; result, Object&amp; resultRuntimeObject)
   at System.Configuration.BaseConfigurationRecord.GetSection(String configKey)
   at System.Configuration.ClientConfigurationSystem.System.Configuration.Internal.IInternalConfigSystem.GetSection(String sectionName)
   at System.Configuration.ConfigurationManager.GetSection(String sectionName)
   at Recurly.Configuration.RecurlySection.get_Current() in C:\dev\recurly-client-net\Library\Configuration\RecurlySection.cs:line 15
   at Recurly.RecurlyClient.get_Environment() in C:\dev\recurly-client-net\Library\RecurlyClient.cs:line 33
   at Recurly.RecurlyClient.PerformRequest(HttpRequestMethod method, String urlPath, WriteXmlDelegate writeXmlDelegate, ReadXmlDelegate readXmlDelegate) in C:\dev\recurly-client-net\Library\RecurlyClient.cs:line 130
   at Recurly.RecurlyClient.PerformRequest(HttpRequestMethod method, String urlPath, WriteXmlDelegate writeXmlDelegate) in C:\dev\recurly-client-net\Library\RecurlyClient.cs:line 124
   at Recurly.RecurlyAccount.Create() in C:\dev\recurly-client-net\Library\RecurlyAccount.cs:line 66
   at Recurly.Test.AccountTest.UpdateAccount() in C:\dev\recurly-client-net\Test\AccountTest.cs:line 43
</StackTrace>
        </ErrorInfo>
      </Output>
    </UnitTestResult>
    <UnitTestResult executionId="11d77292-b1d7-420d-a4e0-ab377bef674e" testId="79fb443b-d487-1a28-6d30-ee3ce4148245" testName="CreateCharge" computerName="HAL" duration="00:00:00.0025852" startTime="2012-04-29T10:02:25.4415766+01:00" endTime="2012-04-29T10:02:25.4525772+01:00" testType="13cdc9d9-ddb5-4fa4-a97d-d965ccfc6d4b" outcome="Failed" testListId="8c84fa94-04c1-424b-9868-57a2d4851a1d" relativeResultsDirectory="11d77292-b1d7-420d-a4e0-ab377bef674e">
      <Output>
        <ErrorInfo>
          <Message>Test method Recurly.Test.ChargeTest.CreateCharge threw exception: 
System.Configuration.ConfigurationErrorsException: Unrecognized attribute 'username'. Note that attribute names are case-sensitive. (C:\dev\recurly-client-net\Test\bin\Debug\Recurly.Test.DLL.config line 6)</Message>
          <StackTrace>    at System.Configuration.BaseConfigurationRecord.EvaluateOne(String[] keys, SectionInput input, Boolean isTrusted, FactoryRecord factoryRecord, SectionRecord sectionRecord, Object parentResult)
   at System.Configuration.BaseConfigurationRecord.Evaluate(FactoryRecord factoryRecord, SectionRecord sectionRecord, Object parentResult, Boolean getLkg, Boolean getRuntimeObject, Object&amp; result, Object&amp; resultRuntimeObject)
   at System.Configuration.BaseConfigurationRecord.GetSectionRecursive(String configKey, Boolean getLkg, Boolean checkPermission, Boolean getRuntimeObject, Boolean requestIsHere, Object&amp; result, Object&amp; resultRuntimeObject)
   at System.Configuration.BaseConfigurationRecord.GetSectionRecursive(String configKey, Boolean getLkg, Boolean checkPermission, Boolean getRuntimeObject, Boolean requestIsHere, Object&amp; result, Object&amp; resultRuntimeObject)
   at System.Configuration.BaseConfigurationRecord.GetSectionRecursive(String configKey, Boolean getLkg, Boolean checkPermission, Boolean getRuntimeObject, Boolean requestIsHere, Object&amp; result, Object&amp; resultRuntimeObject)
   at System.Configuration.BaseConfigurationRecord.GetSection(String configKey)
   at System.Configuration.ClientConfigurationSystem.System.Configuration.Internal.IInternalConfigSystem.GetSection(String sectionName)
   at System.Configuration.ConfigurationManager.GetSection(String sectionName)
   at Recurly.Configuration.RecurlySection.get_Current() in C:\dev\recurly-client-net\Library\Configuration\RecurlySection.cs:line 15
   at Recurly.RecurlyClient.get_Environment() in C:\dev\recurly-client-net\Library\RecurlyClient.cs:line 33
   at Recurly.RecurlyClient.PerformRequest(HttpRequestMethod method, String urlPath, WriteXmlDelegate writeXmlDelegate, ReadXmlDelegate readXmlDelegate) in C:\dev\recurly-client-net\Library\RecurlyClient.cs:line 130
   at Recurly.RecurlyClient.PerformRequest(HttpRequestMethod method, String urlPath, WriteXmlDelegate writeXmlDelegate) in C:\dev\recurly-client-net\Library\RecurlyClient.cs:line 124
   at Recurly.RecurlyAccount.Create() in C:\dev\recurly-client-net\Library\RecurlyAccount.cs:line 66
   at Recurly.Test.ChargeTest.CreateCharge() in C:\dev\recurly-client-net\Test\ChargeTest.cs:line 16
</StackTrace>
        </ErrorInfo>
      </Output>
    </UnitTestResult>
    <UnitTestResult executionId="36c091b8-928a-46ac-82c3-a305626022fe" testId="839b8906-fa97-3e4a-912c-81ae53cc31d4" testName="CloseAccount" computerName="HAL" duration="00:00:00.0023524" startTime="2012-04-29T10:02:25.4585775+01:00" endTime="2012-04-29T10:02:25.4665780+01:00" testType="13cdc9d9-ddb5-4fa4-a97d-d965ccfc6d4b" outcome="Failed" testListId="8c84fa94-04c1-424b-9868-57a2d4851a1d" relativeResultsDirectory="36c091b8-928a-46ac-82c3-a305626022fe">
      <Output>
        <ErrorInfo>
          <Message>Test method Recurly.Test.AccountTest.CloseAccount threw exception: 
System.Configuration.ConfigurationErrorsException: Unrecognized attribute 'username'. Note that attribute names are case-sensitive. (C:\dev\recurly-client-net\Test\bin\Debug\Recurly.Test.DLL.config line 6)</Message>
          <StackTrace>    at System.Configuration.BaseConfigurationRecord.EvaluateOne(String[] keys, SectionInput input, Boolean isTrusted, FactoryRecord factoryRecord, SectionRecord sectionRecord, Object parentResult)
   at System.Configuration.BaseConfigurationRecord.Evaluate(FactoryRecord factoryRecord, SectionRecord sectionRecord, Object parentResult, Boolean getLkg, Boolean getRuntimeObject, Object&amp; result, Object&amp; resultRuntimeObject)
   at System.Configuration.BaseConfigurationRecord.GetSectionRecursive(String configKey, Boolean getLkg, Boolean checkPermission, Boolean getRuntimeObject, Boolean requestIsHere, Object&amp; result, Object&amp; resultRuntimeObject)
   at System.Configuration.BaseConfigurationRecord.GetSectionRecursive(String configKey, Boolean getLkg, Boolean checkPermission, Boolean getRuntimeObject, Boolean requestIsHere, Object&amp; result, Object&amp; resultRuntimeObject)
   at System.Configuration.BaseConfigurationRecord.GetSectionRecursive(String configKey, Boolean getLkg, Boolean checkPermission, Boolean getRuntimeObject, Boolean requestIsHere, Object&amp; result, Object&amp; resultRuntimeObject)
   at System.Configuration.BaseConfigurationRecord.GetSection(String configKey)
   at System.Configuration.ClientConfigurationSystem.System.Configuration.Internal.IInternalConfigSystem.GetSection(String sectionName)
   at System.Configuration.ConfigurationManager.GetSection(String sectionName)
   at Recurly.Configuration.RecurlySection.get_Current() in C:\dev\recurly-client-net\Library\Configuration\RecurlySection.cs:line 15
   at Recurly.RecurlyClient.get_Environment() in C:\dev\recurly-client-net\Library\RecurlyClient.cs:line 33
   at Recurly.RecurlyClient.PerformRequest(HttpRequestMethod method, String urlPath, WriteXmlDelegate writeXmlDelegate, ReadXmlDelegate readXmlDelegate) in C:\dev\recurly-client-net\Library\RecurlyClient.cs:line 130
   at Recurly.RecurlyClient.PerformRequest(HttpRequestMethod method, String urlPath, WriteXmlDelegate writeXmlDelegate) in C:\dev\recurly-client-net\Library\RecurlyClient.cs:line 124
   at Recurly.RecurlyAccount.Create() in C:\dev\recurly-client-net\Library\RecurlyAccount.cs:line 66
   at Recurly.Test.AccountTest.CloseAccount() in C:\dev\recurly-client-net\Test\AccountTest.cs:line 56
</StackTrace>
        </ErrorInfo>
      </Output>
    </UnitTestResult>
    <UnitTestResult executionId="fba5acd3-db0b-4841-844a-0555d6d39637" testId="9e6ebedd-09f9-25f9-315f-752d97126c08" testName="UpdateBillingInfo" computerName="HAL" duration="00:00:00.0024369" startTime="2012-04-29T10:02:25.4715783+01:00" endTime="2012-04-29T10:02:25.4785787+01:00" testType="13cdc9d9-ddb5-4fa4-a97d-d965ccfc6d4b" outcome="Failed" testListId="8c84fa94-04c1-424b-9868-57a2d4851a1d" relativeResultsDirectory="fba5acd3-db0b-4841-844a-0555d6d39637">
      <Output>
        <ErrorInfo>
          <Message>Test method Recurly.Test.BillingInfoTest.UpdateBillingInfo threw exception: 
System.Configuration.ConfigurationErrorsException: Unrecognized attribute 'username'. Note that attribute names are case-sensitive. (C:\dev\recurly-client-net\Test\bin\Debug\Recurly.Test.DLL.config line 6)</Message>
          <StackTrace>    at System.Configuration.BaseConfigurationRecord.EvaluateOne(String[] keys, SectionInput input, Boolean isTrusted, FactoryRecord factoryRecord, SectionRecord sectionRecord, Object parentResult)
   at System.Configuration.BaseConfigurationRecord.Evaluate(FactoryRecord factoryRecord, SectionRecord sectionRecord, Object parentResult, Boolean getLkg, Boolean getRuntimeObject, Object&amp; result, Object&amp; resultRuntimeObject)
   at System.Configuration.BaseConfigurationRecord.GetSectionRecursive(String configKey, Boolean getLkg, Boolean checkPermission, Boolean getRuntimeObject, Boolean requestIsHere, Object&amp; result, Object&amp; resultRuntimeObject)
   at System.Configuration.BaseConfigurationRecord.GetSectionRecursive(String configKey, Boolean getLkg, Boolean checkPermission, Boolean getRuntimeObject, Boolean requestIsHere, Object&amp; result, Object&amp; resultRuntimeObject)
   at System.Configuration.BaseConfigurationRecord.GetSectionRecursive(String configKey, Boolean getLkg, Boolean checkPermission, Boolean getRuntimeObject, Boolean requestIsHere, Object&amp; result, Object&amp; resultRuntimeObject)
   at System.Configuration.BaseConfigurationRecord.GetSection(String configKey)
   at System.Configuration.ClientConfigurationSystem.System.Configuration.Internal.IInternalConfigSystem.GetSection(String sectionName)
   at System.Configuration.ConfigurationManager.GetSection(String sectionName)
   at Recurly.Configuration.RecurlySection.get_Current() in C:\dev\recurly-client-net\Library\Configuration\RecurlySection.cs:line 15
   at Recurly.RecurlyClient.get_Environment() in C:\dev\recurly-client-net\Library\RecurlyClient.cs:line 33
   at Recurly.RecurlyClient.PerformRequest(HttpRequestMethod method, String urlPath, WriteXmlDelegate writeXmlDelegate, ReadXmlDelegate readXmlDelegate) in C:\dev\recurly-client-net\Library\RecurlyClient.cs:line 130
   at Recurly.RecurlyClient.PerformRequest(HttpRequestMethod method, String urlPath, WriteXmlDelegate writeXmlDelegate) in C:\dev\recurly-client-net\Library\RecurlyClient.cs:line 124
   at Recurly.RecurlyAccount.Create() in C:\dev\recurly-client-net\Library\RecurlyAccount.cs:line 66
   at Recurly.Test.BillingInfoTest.UpdateBillingInfo() in C:\dev\recurly-client-net\Test\BillingInfoTest.cs:line 16
</StackTrace>
        </ErrorInfo>
      </Output>
    </UnitTestResult>
    <UnitTestResult executionId="6d9a3f21-18ed-419e-acb6-219fb0b012c0" testId="a6307c88-6880-eff7-6b98-8cec0f77ea74" testName="ClearBillingInfo" computerName="HAL" duration="00:00:00.0024069" startTime="2012-04-29T10:02:25.4815788+01:00" endTime="2012-04-29T10:02:25.4885792+01:00" testType="13cdc9d9-ddb5-4fa4-a97d-d965ccfc6d4b" outcome="Failed" testListId="8c84fa94-04c1-424b-9868-57a2d4851a1d" relativeResultsDirectory="6d9a3f21-18ed-419e-acb6-219fb0b012c0">
      <Output>
        <ErrorInfo>
          <Message>Test method Recurly.Test.BillingInfoTest.ClearBillingInfo threw exception: 
System.Configuration.ConfigurationErrorsException: Unrecognized attribute 'username'. Note that attribute names are case-sensitive. (C:\dev\recurly-client-net\Test\bin\Debug\Recurly.Test.DLL.config line 6)</Message>
          <StackTrace>    at System.Configuration.BaseConfigurationRecord.EvaluateOne(String[] keys, SectionInput input, Boolean isTrusted, FactoryRecord factoryRecord, SectionRecord sectionRecord, Object parentResult)
   at System.Configuration.BaseConfigurationRecord.Evaluate(FactoryRecord factoryRecord, SectionRecord sectionRecord, Object parentResult, Boolean getLkg, Boolean getRuntimeObject, Object&amp; result, Object&amp; resultRuntimeObject)
   at System.Configuration.BaseConfigurationRecord.GetSectionRecursive(String configKey, Boolean getLkg, Boolean checkPermission, Boolean getRuntimeObject, Boolean requestIsHere, Object&amp; result, Object&amp; resultRuntimeObject)
   at System.Configuration.BaseConfigurationRecord.GetSectionRecursive(String configKey, Boolean getLkg, Boolean checkPermission, Boolean getRuntimeObject, Boolean requestIsHere, Object&amp; result, Object&amp; resultRuntimeObject)
   at System.Configuration.BaseConfigurationRecord.GetSectionRecursive(String configKey, Boolean getLkg, Boolean checkPermission, Boolean getRuntimeObject, Boolean requestIsHere, Object&amp; result, Object&amp; resultRuntimeObject)
   at System.Configuration.BaseConfigurationRecord.GetSection(String configKey)
   at System.Configuration.ClientConfigurationSystem.System.Configuration.Internal.IInternalConfigSystem.GetSection(String sectionName)
   at System.Configuration.ConfigurationManager.GetSection(String sectionName)
   at Recurly.Configuration.RecurlySection.get_Current() in C:\dev\recurly-client-net\Library\Configuration\RecurlySection.cs:line 15
   at Recurly.RecurlyClient.get_Environment() in C:\dev\recurly-client-net\Library\RecurlyClient.cs:line 33
   at Recurly.RecurlyClient.PerformRequest(HttpRequestMethod method, String urlPath, WriteXmlDelegate writeXmlDelegate, ReadXmlDelegate readXmlDelegate) in C:\dev\recurly-client-net\Library\RecurlyClient.cs:line 130
   at Recurly.RecurlyClient.PerformRequest(HttpRequestMethod method, String urlPath, WriteXmlDelegate writeXmlDelegate) in C:\dev\recurly-client-net\Library\RecurlyClient.cs:line 124
   at Recurly.RecurlyAccount.Create() in C:\dev\recurly-client-net\Library\RecurlyAccount.cs:line 66
   at Recurly.Test.BillingInfoTest.ClearBillingInfo() in C:\dev\recurly-client-net\Test\BillingInfoTest.cs:line 51
</StackTrace>
        </ErrorInfo>
      </Output>
    </UnitTestResult>
    <UnitTestResult executionId="a36083a7-0914-407f-8ea4-0604efb97cc1" testId="cbafa9f1-e281-0f55-769d-8ce4bf7d8553" testName="LookupAccount" computerName="HAL" duration="00:00:00.0022641" startTime="2012-04-29T10:02:25.4925795+01:00" endTime="2012-04-29T10:02:25.4995799+01:00" testType="13cdc9d9-ddb5-4fa4-a97d-d965ccfc6d4b" outcome="Failed" testListId="8c84fa94-04c1-424b-9868-57a2d4851a1d" relativeResultsDirectory="a36083a7-0914-407f-8ea4-0604efb97cc1">
      <Output>
        <ErrorInfo>
          <Message>Test method Recurly.Test.AccountTest.LookupAccount threw exception: 
System.Configuration.ConfigurationErrorsException: Unrecognized attribute 'username'. Note that attribute names are case-sensitive. (C:\dev\recurly-client-net\Test\bin\Debug\Recurly.Test.DLL.config line 6)</Message>
          <StackTrace>    at System.Configuration.BaseConfigurationRecord.EvaluateOne(String[] keys, SectionInput input, Boolean isTrusted, FactoryRecord factoryRecord, SectionRecord sectionRecord, Object parentResult)
   at System.Configuration.BaseConfigurationRecord.Evaluate(FactoryRecord factoryRecord, SectionRecord sectionRecord, Object parentResult, Boolean getLkg, Boolean getRuntimeObject, Object&amp; result, Object&amp; resultRuntimeObject)
   at System.Configuration.BaseConfigurationRecord.GetSectionRecursive(String configKey, Boolean getLkg, Boolean checkPermission, Boolean getRuntimeObject, Boolean requestIsHere, Object&amp; result, Object&amp; resultRuntimeObject)
   at System.Configuration.BaseConfigurationRecord.GetSectionRecursive(String configKey, Boolean getLkg, Boolean checkPermission, Boolean getRuntimeObject, Boolean requestIsHere, Object&amp; result, Object&amp; resultRuntimeObject)
   at System.Configuration.BaseConfigurationRecord.GetSectionRecursive(String configKey, Boolean getLkg, Boolean checkPermission, Boolean getRuntimeObject, Boolean requestIsHere, Object&amp; result, Object&amp; resultRuntimeObject)
   at System.Configuration.BaseConfigurationRecord.GetSection(String configKey)
   at System.Configuration.ClientConfigurationSystem.System.Configuration.Internal.IInternalConfigSystem.GetSection(String sectionName)
   at System.Configuration.ConfigurationManager.GetSection(String sectionName)
   at Recurly.Configuration.RecurlySection.get_Current() in C:\dev\recurly-client-net\Library\Configuration\RecurlySection.cs:line 15
   at Recurly.RecurlyClient.get_Environment() in C:\dev\recurly-client-net\Library\RecurlyClient.cs:line 33
   at Recurly.RecurlyClient.PerformRequest(HttpRequestMethod method, String urlPath, WriteXmlDelegate writeXmlDelegate, ReadXmlDelegate readXmlDelegate) in C:\dev\recurly-client-net\Library\RecurlyClient.cs:line 130
   at Recurly.RecurlyClient.PerformRequest(HttpRequestMethod method, String urlPath, WriteXmlDelegate writeXmlDelegate) in C:\dev\recurly-client-net\Library\RecurlyClient.cs:line 124
   at Recurly.RecurlyAccount.Create() in C:\dev\recurly-client-net\Library\RecurlyAccount.cs:line 66
   at Recurly.Test.AccountTest.LookupAccount() in C:\dev\recurly-client-net\Test\AccountTest.cs:line 24
</StackTrace>
        </ErrorInfo>
      </Output>
    </UnitTestResult>
    <UnitTestResult executionId="0119d269-1335-46a3-9d16-92143a02dc47" testId="d019bb13-703c-670e-55fa-9f242541f50d" testName="LookupBillingInfo" computerName="HAL" duration="00:00:00.0023256" startTime="2012-04-29T10:02:25.5055802+01:00" endTime="2012-04-29T10:02:25.5125806+01:00" testType="13cdc9d9-ddb5-4fa4-a97d-d965ccfc6d4b" outcome="Failed" testListId="8c84fa94-04c1-424b-9868-57a2d4851a1d" relativeResultsDirectory="0119d269-1335-46a3-9d16-92143a02dc47">
      <Output>
        <ErrorInfo>
          <Message>Test method Recurly.Test.BillingInfoTest.LookupBillingInfo threw exception: 
System.Configuration.ConfigurationErrorsException: Unrecognized attribute 'username'. Note that attribute names are case-sensitive. (C:\dev\recurly-client-net\Test\bin\Debug\Recurly.Test.DLL.config line 6)</Message>
          <StackTrace>    at System.Configuration.BaseConfigurationRecord.EvaluateOne(String[] keys, SectionInput input, Boolean isTrusted, FactoryRecord factoryRecord, SectionRecord sectionRecord, Object parentResult)
   at System.Configuration.BaseConfigurationRecord.Evaluate(FactoryRecord factoryRecord, SectionRecord sectionRecord, Object parentResult, Boolean getLkg, Boolean getRuntimeObject, Object&amp; result, Object&amp; resultRuntimeObject)
   at System.Configuration.BaseConfigurationRecord.GetSectionRecursive(String configKey, Boolean getLkg, Boolean checkPermission, Boolean getRuntimeObject, Boolean requestIsHere, Object&amp; result, Object&amp; resultRuntimeObject)
   at System.Configuration.BaseConfigurationRecord.GetSectionRecursive(String configKey, Boolean getLkg, Boolean checkPermission, Boolean getRuntimeObject, Boolean requestIsHere, Object&amp; result, Object&amp; resultRuntimeObject)
   at System.Configuration.BaseConfigurationRecord.GetSectionRecursive(String configKey, Boolean getLkg, Boolean checkPermission, Boolean getRuntimeObject, Boolean requestIsHere, Object&amp; result, Object&amp; resultRuntimeObject)
   at System.Configuration.BaseConfigurationRecord.GetSection(String configKey)
   at System.Configuration.ClientConfigurationSystem.System.Configuration.Internal.IInternalConfigSystem.GetSection(String sectionName)
   at System.Configuration.ConfigurationManager.GetSection(String sectionName)
   at Recurly.Configuration.RecurlySection.get_Current() in C:\dev\recurly-client-net\Library\Configuration\RecurlySection.cs:line 15
   at Recurly.RecurlyClient.get_Environment() in C:\dev\recurly-client-net\Library\RecurlyClient.cs:line 33
   at Recurly.RecurlyClient.PerformRequest(HttpRequestMethod method, String urlPath, WriteXmlDelegate writeXmlDelegate, ReadXmlDelegate readXmlDelegate) in C:\dev\recurly-client-net\Library\RecurlyClient.cs:line 130
   at Recurly.RecurlyClient.PerformRequest(HttpRequestMethod method, String urlPath, WriteXmlDelegate writeXmlDelegate) in C:\dev\recurly-client-net\Library\RecurlyClient.cs:line 124
   at Recurly.RecurlyAccount.Create() in C:\dev\recurly-client-net\Library\RecurlyAccount.cs:line 66
   at Recurly.Test.BillingInfoTest.LookupBillingInfo() in C:\dev\recurly-client-net\Test\BillingInfoTest.cs:line 26
</StackTrace>
        </ErrorInfo>
      </Output>
    </UnitTestResult>
    <UnitTestResult executionId="e45e904a-1e68-401a-b873-05a35e86caf1" testId="dccb6676-35d0-8168-53a2-74eabb0b5bb4" testName="LookupMissingInfo" computerName="HAL" duration="00:00:00.0021653" startTime="2012-04-29T10:02:25.5165809+01:00" endTime="2012-04-29T10:02:25.5235813+01:00" testType="13cdc9d9-ddb5-4fa4-a97d-d965ccfc6d4b" outcome="Failed" testListId="8c84fa94-04c1-424b-9868-57a2d4851a1d" relativeResultsDirectory="e45e904a-1e68-401a-b873-05a35e86caf1">
      <Output>
        <ErrorInfo>
          <Message>Test method Recurly.Test.BillingInfoTest.LookupMissingInfo threw exception: 
System.Configuration.ConfigurationErrorsException: Unrecognized attribute 'username'. Note that attribute names are case-sensitive. (C:\dev\recurly-client-net\Test\bin\Debug\Recurly.Test.DLL.config line 6)</Message>
          <StackTrace>    at System.Configuration.BaseConfigurationRecord.EvaluateOne(String[] keys, SectionInput input, Boolean isTrusted, FactoryRecord factoryRecord, SectionRecord sectionRecord, Object parentResult)
   at System.Configuration.BaseConfigurationRecord.Evaluate(FactoryRecord factoryRecord, SectionRecord sectionRecord, Object parentResult, Boolean getLkg, Boolean getRuntimeObject, Object&amp; result, Object&amp; resultRuntimeObject)
   at System.Configuration.BaseConfigurationRecord.GetSectionRecursive(String configKey, Boolean getLkg, Boolean checkPermission, Boolean getRuntimeObject, Boolean requestIsHere, Object&amp; result, Object&amp; resultRuntimeObject)
   at System.Configuration.BaseConfigurationRecord.GetSectionRecursive(String configKey, Boolean getLkg, Boolean checkPermission, Boolean getRuntimeObject, Boolean requestIsHere, Object&amp; result, Object&amp; resultRuntimeObject)
   at System.Configuration.BaseConfigurationRecord.GetSectionRecursive(String configKey, Boolean getLkg, Boolean checkPermission, Boolean getRuntimeObject, Boolean requestIsHere, Object&amp; result, Object&amp; resultRuntimeObject)
   at System.Configuration.BaseConfigurationRecord.GetSection(String configKey)
   at System.Configuration.ClientConfigurationSystem.System.Configuration.Internal.IInternalConfigSystem.GetSection(String sectionName)
   at System.Configuration.ConfigurationManager.GetSection(String sectionName)
   at Recurly.Configuration.RecurlySection.get_Current() in C:\dev\recurly-client-net\Library\Configuration\RecurlySection.cs:line 15
   at Recurly.RecurlyClient.get_Environment() in C:\dev\recurly-client-net\Library\RecurlyClient.cs:line 33
   at Recurly.RecurlyClient.PerformRequest(HttpRequestMethod method, String urlPath, WriteXmlDelegate writeXmlDelegate, ReadXmlDelegate readXmlDelegate) in C:\dev\recurly-client-net\Library\RecurlyClient.cs:line 130
   at Recurly.RecurlyClient.PerformRequest(HttpRequestMethod method, String urlPath, WriteXmlDelegate writeXmlDelegate) in C:\dev\recurly-client-net\Library\RecurlyClient.cs:line 124
   at Recurly.RecurlyAccount.Create() in C:\dev\recurly-client-net\Library\RecurlyAccount.cs:line 66
   at Recurly.Test.BillingInfoTest.LookupMissingInfo() in C:\dev\recurly-client-net\Test\BillingInfoTest.cs:line 41
</StackTrace>
        </ErrorInfo>
      </Output>
    </UnitTestResult>
    <UnitTestResult executionId="79433d8b-045b-4784-8a7b-0b02a45f3c83" testId="e3e106a3-a7e5-0d52-b37f-86781792e573" testName="FindNonExistantAccount" computerName="HAL" duration="00:00:00.2985438" startTime="2012-04-29T10:02:25.5265814+01:00" endTime="2012-04-29T10:02:25.8295960+01:00" testType="13cdc9d9-ddb5-4fa4-a97d-d965ccfc6d4b" outcome="Failed" testListId="8c84fa94-04c1-424b-9868-57a2d4851a1d" relativeResultsDirectory="79433d8b-045b-4784-8a7b-0b02a45f3c83">
      <Output>
        <ErrorInfo>
          <Message>Test method Recurly.Test.AccountTest.FindNonExistantAccount threw exception System.Configuration.ConfigurationErrorsException, but exception Recurly.NotFoundException was expected. Exception message: System.Configuration.ConfigurationErrorsException: Unrecognized attribute 'username'. Note that attribute names are case-sensitive. (C:\dev\recurly-client-net\Test\bin\Debug\Recurly.Test.DLL.config line 6)</Message>
          <StackTrace>    at System.Configuration.BaseConfigurationRecord.EvaluateOne(String[] keys, SectionInput input, Boolean isTrusted, FactoryRecord factoryRecord, SectionRecord sectionRecord, Object parentResult)
   at System.Configuration.BaseConfigurationRecord.Evaluate(FactoryRecord factoryRecord, SectionRecord sectionRecord, Object parentResult, Boolean getLkg, Boolean getRuntimeObject, Object&amp; result, Object&amp; resultRuntimeObject)
   at System.Configuration.BaseConfigurationRecord.GetSectionRecursive(String configKey, Boolean getLkg, Boolean checkPermission, Boolean getRuntimeObject, Boolean requestIsHere, Object&amp; result, Object&amp; resultRuntimeObject)
   at System.Configuration.BaseConfigurationRecord.GetSectionRecursive(String configKey, Boolean getLkg, Boolean checkPermission, Boolean getRuntimeObject, Boolean requestIsHere, Object&amp; result, Object&amp; resultRuntimeObject)
   at System.Configuration.BaseConfigurationRecord.GetSectionRecursive(String configKey, Boolean getLkg, Boolean checkPermission, Boolean getRuntimeObject, Boolean requestIsHere, Object&amp; result, Object&amp; resultRuntimeObject)
   at System.Configuration.BaseConfigurationRecord.GetSection(String configKey)
   at System.Configuration.ClientConfigurationSystem.System.Configuration.Internal.IInternalConfigSystem.GetSection(String sectionName)
   at System.Configuration.ConfigurationManager.GetSection(String sectionName)
   at Recurly.Configuration.RecurlySection.get_Current() in C:\dev\recurly-client-net\Library\Configuration\RecurlySection.cs:line 15
   at Recurly.RecurlyClient.get_Environment() in C:\dev\recurly-client-net\Library\RecurlyClient.cs:line 33
   at Recurly.RecurlyClient.PerformRequest(HttpRequestMethod method, String urlPath, WriteXmlDelegate writeXmlDelegate, ReadXmlDelegate readXmlDelegate) in C:\dev\recurly-client-net\Library\RecurlyClient.cs:line 130
   at Recurly.RecurlyClient.PerformRequest(HttpRequestMethod method, String urlPath, ReadXmlDelegate readXmlDelegate) in C:\dev\recurly-client-net\Library\RecurlyClient.cs:line 118
   at Recurly.RecurlyAccount.Get(String accountCode) in C:\dev\recurly-client-net\Library\RecurlyAccount.cs:line 51
   at Recurly.Test.AccountTest.FindNonExistantAccount() in C:\dev\recurly-client-net\Test\AccountTest.cs:line 36
</StackTrace>
        </ErrorInfo>
      </Output>
    </UnitTestResult>
    <UnitTestResult executionId="b0a1ca09-c989-40f1-b67e-0bb1b7d86d4e" testId="e4eb6404-fb29-be97-1070-b69e8b647ace" testName="CloseAccount" computerName="HAL" duration="00:00:00.0028286" startTime="2012-04-29T10:02:25.8295960+01:00" endTime="2012-04-29T10:02:25.8395960+01:00" testType="13cdc9d9-ddb5-4fa4-a97d-d965ccfc6d4b" outcome="Failed" testListId="8c84fa94-04c1-424b-9868-57a2d4851a1d" relativeResultsDirectory="b0a1ca09-c989-40f1-b67e-0bb1b7d86d4e">
      <Output>
        <ErrorInfo>
          <Message>Test method Recurly.Test.BillingInfoTest.CloseAccount threw exception: 
System.Configuration.ConfigurationErrorsException: Unrecognized attribute 'username'. Note that attribute names are case-sensitive. (C:\dev\recurly-client-net\Test\bin\Debug\Recurly.Test.DLL.config line 6)</Message>
          <StackTrace>    at System.Configuration.BaseConfigurationRecord.EvaluateOne(String[] keys, SectionInput input, Boolean isTrusted, FactoryRecord factoryRecord, SectionRecord sectionRecord, Object parentResult)
   at System.Configuration.BaseConfigurationRecord.Evaluate(FactoryRecord factoryRecord, SectionRecord sectionRecord, Object parentResult, Boolean getLkg, Boolean getRuntimeObject, Object&amp; result, Object&amp; resultRuntimeObject)
   at System.Configuration.BaseConfigurationRecord.GetSectionRecursive(String configKey, Boolean getLkg, Boolean checkPermission, Boolean getRuntimeObject, Boolean requestIsHere, Object&amp; result, Object&amp; resultRuntimeObject)
   at System.Configuration.BaseConfigurationRecord.GetSectionRecursive(String configKey, Boolean getLkg, Boolean checkPermission, Boolean getRuntimeObject, Boolean requestIsHere, Object&amp; result, Object&amp; resultRuntimeObject)
   at System.Configuration.BaseConfigurationRecord.GetSectionRecursive(String configKey, Boolean getLkg, Boolean checkPermission, Boolean getRuntimeObject, Boolean requestIsHere, Object&amp; result, Object&amp; resultRuntimeObject)
   at System.Configuration.BaseConfigurationRecord.GetSection(String configKey)
   at System.Configuration.ClientConfigurationSystem.System.Configuration.Internal.IInternalConfigSystem.GetSection(String sectionName)
   at System.Configuration.ConfigurationManager.GetSection(String sectionName)
   at Recurly.Configuration.RecurlySection.get_Current() in C:\dev\recurly-client-net\Library\Configuration\RecurlySection.cs:line 15
   at Recurly.RecurlyClient.get_Environment() in C:\dev\recurly-client-net\Library\RecurlyClient.cs:line 33
   at Recurly.RecurlyClient.PerformRequest(HttpRequestMethod method, String urlPath, WriteXmlDelegate writeXmlDelegate, ReadXmlDelegate readXmlDelegate) in C:\dev\recurly-client-net\Library\RecurlyClient.cs:line 130
   at Recurly.RecurlyClient.PerformRequest(HttpRequestMethod method, String urlPath) in C:\dev\recurly-client-net\Library\RecurlyClient.cs:line 112
   at Recurly.RecurlyAccount.CloseAccount(String accountCode) in C:\dev\recurly-client-net\Library\RecurlyAccount.cs:line 97
   at Recurly.RecurlyAccount.CloseAccount() in C:\dev\recurly-client-net\Library\RecurlyAccount.cs:line 87
   at Recurly.Test.BillingInfoTest.CloseAccount() in C:\dev\recurly-client-net\Test\BillingInfoTest.cs:line 63
</StackTrace>
        </ErrorInfo>
      </Output>
    </UnitTestResult>
  </Results>
</TestRun>