<?xml version="1.0" encoding="UTF-8"?>
<TestRun id="cd303758-301c-4d30-8fac-fdba5312a01b" name="Tom@HAL 2012-04-29 11:27:10" runUser="Hal\Tom" xmlns="http://microsoft.com/schemas/VisualStudio/TeamTest/2010">
  <TestSettings name="Local" id="feab0091-aeb5-4294-8a78-86a43346a953">
    <Description>These are default test settings for a local test run.</Description>
    <Deployment enabled="false" runDeploymentRoot="Tom_HAL 2012-04-29 11_27_10">
      <DeploymentItem filename="C:\dev\recurly-client-net\Recurly.js\bin\Debug\Recurly.js.dll" />
    </Deployment>
    <Execution>
      <TestTypeSpecific />
      <AgentRule name="Execution Agents">
      </AgentRule>
    </Execution>
  </TestSettings>
  <Times creation="2012-04-29T11:27:10.2552290+01:00" queuing="2012-04-29T11:27:12.1932439+01:00" start="2012-04-29T11:27:12.3432441+01:00" finish="2012-04-29T11:28:01.3670384+01:00" />
  <ResultSummary outcome="Error">
    <Counters total="1" error="0" failed="0" timeout="0" aborted="0" inconclusive="0" passedButRunAborted="0" notRunnable="0" notExecuted="0" disconnected="0" warning="0" passed="0" completed="0" inProgress="0" pending="0" />
    <RunInfos>
      <RunInfo computerName="HAL" outcome="Error" timestamp="2012-04-29T11:28:01.3650383+01:00">
        <Text>Test host process exited unexpectedly.</Text>
      </RunInfo>
    </RunInfos>
  </ResultSummary>
  <TestDefinitions>
    <UnitTest name="Sign_Transaction" storage="c:\dev\recurly-client-net\recurly.js.test\bin\debug\recurly.js.test.dll" id="8f5bdf1b-15ab-bc6c-4939-b8e29dd37f70">
      <Execution id="a8a8ecc5-f82e-4a89-a862-304e4ea42b09" />
      <TestMethod codeBase="C:/dev/recurly-client-net/Recurly.js.Test/bin/Debug/Recurly.js.Test.DLL" adapterTypeName="Microsoft.VisualStudio.TestTools.TestTypes.Unit.UnitTestAdapter, Microsoft.VisualStudio.QualityTools.Tips.UnitTest.Adapter, Version=10.0.0.0, Culture=neutral, PublicKeyToken=b03f5f7f11d50a3a" className="Recurly.js.Test.RecurlyJsTest, Recurly.js.Test, Version=1.0.0.0, Culture=neutral, PublicKeyToken=null" name="Sign_Transaction" />
    </UnitTest>
  </TestDefinitions>
  <TestLists>
    <TestList name="Results Not in a List" id="8c84fa94-04c1-424b-9868-57a2d4851a1d" />
    <TestList name="All Loaded Results" id="19431567-8539-422a-85d7-44ee4e166bda" />
  </TestLists>
  <TestEntries>
    <TestEntry testId="8f5bdf1b-15ab-bc6c-4939-b8e29dd37f70" executionId="a8a8ecc5-f82e-4a89-a862-304e4ea42b09" testListId="8c84fa94-04c1-424b-9868-57a2d4851a1d" />
  </TestEntries>
  <Results>
    <UnitTestResult executionId="a8a8ecc5-f82e-4a89-a862-304e4ea42b09" testId="8f5bdf1b-15ab-bc6c-4939-b8e29dd37f70" testName="Sign_Transaction" computerName="HAL" duration="00:00:27.7439268" startTime="2012-04-29T11:27:12.4932443+01:00" testType="13cdc9d9-ddb5-4fa4-a97d-d965ccfc6d4b" outcome="Passed" testListId="8c84fa94-04c1-424b-9868-57a2d4851a1d" relativeResultsDirectory="a8a8ecc5-f82e-4a89-a862-304e4ea42b09">
    </UnitTestResult>
  </Results>
</TestRun>