<?xml version="1.0" encoding="UTF-8"?>
<TestRun id="ed8b1aba-69c5-4139-b2c5-807e115de34a" name="Tom@HAL 2012-04-29 10:03:04" runUser="Hal\Tom" xmlns="http://microsoft.com/schemas/VisualStudio/TeamTest/2010">
  <TestSettings name="Local" id="feab0091-aeb5-4294-8a78-86a43346a953">
    <Description>These are default test settings for a local test run.</Description>
    <Deployment enabled="false" runDeploymentRoot="Tom_HAL 2012-04-29 10_03_04">
      <DeploymentItem filename="C:\dev\recurly-client-net\Library\bin\Debug\Recurly.dll" />
    </Deployment>
    <Execution>
      <TestTypeSpecific />
      <AgentRule name="Execution Agents">
      </AgentRule>
    </Execution>
  </TestSettings>
  <Times creation="2012-04-29T10:03:04.2598999+01:00" queuing="2012-04-29T10:03:04.3029024+01:00" start="2012-04-29T10:03:04.3129029+01:00" finish="2012-04-29T10:03:04.7789296+01:00" />
  <ResultSummary outcome="Failed">
    <Counters total="11" executed="11" error="0" failed="11" timeout="0" aborted="0" inconclusive="0" passedButRunAborted="0" notRunnable="0" notExecuted="0" disconnected="0" warning="0" passed="0" completed="0" inProgress="0" pending="0" />
  </ResultSummary>
  <TestDefinitions>
    <UnitTest name="LookupMissingInfo" storage="c:\dev\recurly-client-net\test\bin\debug\recurly.test.dll" id="dccb6676-35d0-8168-53a2-74eabb0b5bb4">
      <Execution id="48780eb6-9d52-468a-80ca-33208e8370c4" />
      <TestMethod codeBase="C:/dev/recurly-client-net/Test/bin/Debug/Recurly.Test.DLL" adapterTypeName="Microsoft.VisualStudio.TestTools.TestTypes.Unit.UnitTestAdapter, Microsoft.VisualStudio.QualityTools.Tips.UnitTest.Adapter, Version=10.0.0.0, Culture=neutral, PublicKeyToken=b03f5f7f11d50a3a" className="Recurly.Test.BillingInfoTest, Recurly.Test, Version=1.0.0.0, Culture=neutral, PublicKeyToken=null" name="LookupMissingInfo" />
    </UnitTest>
    <UnitTest name="CreateCharge" storage="c:\dev\recurly-client-net\test\bin\debug\recurly.test.dll" id="79fb443b-d487-1a28-6d30-ee3ce4148245">
      <Execution id="0908acb9-c6bf-4f3a-9ac0-d4d719a5dd2b" />
      <TestMethod codeBase="C:/dev/recurly-client-net/Test/bin/Debug/Recurly.Test.DLL" adapterTypeName="Microsoft.VisualStudio.TestTools.TestTypes.Unit.UnitTestAdapter, Microsoft.VisualStudio.QualityTools.Tips.UnitTest.Adapter, Version=10.0.0.0, Culture=neutral, PublicKeyToken=b03f5f7f11d50a3a" className="Recurly.Test.ChargeTest, Recurly.Test, Version=1.0.0.0, Culture=neutral, PublicKeyToken=null" name="CreateCharge" />
    </UnitTest>
    <UnitTest name="LookupBillingInfo" storage="c:\dev\recurly-client-net\test\bin\debug\recurly.test.dll" id="d019bb13-703c-670e-55fa-9f242541f50d">
      <Execution id="8a5c4454-10f2-498c-ac3a-e80739fef241" />
      <TestMethod codeBase="C:/dev/recurly-client-net/Test/bin/Debug/Recurly.Test.DLL" adapterTypeName="Microsoft.VisualStudio.TestTools.TestTypes.Unit.UnitTestAdapter, Microsoft.VisualStudio.QualityTools.Tips.UnitTest.Adapter, Version=10.0.0.0, Culture=neutral, PublicKeyToken=b03f5f7f11d50a3a" className="Recurly.Test.BillingInfoTest, Recurly.Test, Version=1.0.0.0, Culture=neutral, PublicKeyToken=null" name="LookupBillingInfo" />
    </UnitTest>
    <UnitTest name="UpdateAccount" storage="c:\dev\recurly-client-net\test\bin\debug\recurly.test.dll" id="5f478640-42ae-5fec-26d8-f773afb4102b">
      <Execution id="661ac828-59c8-424c-bbca-8dd71f283dc7" />
      <TestMethod codeBase="C:/dev/recurly-client-net/Test/bin/Debug/Recurly.Test.DLL" adapterTypeName="Microsoft.VisualStudio.TestTools.TestTypes.Unit.UnitTestAdapter, Microsoft.VisualStudio.QualityTools.Tips.UnitTest.Adapter, Version=10.0.0.0, Culture=neutral, PublicKeyToken=b03f5f7f11d50a3a" className="Recurly.Test.AccountTest, Recurly.Test, Version=1.0.0.0, Culture=neutral, PublicKeyToken=null" name="UpdateAccount" />
    </UnitTest>
    <UnitTest name="ClearBillingInfo" storage="c:\dev\recurly-client-net\test\bin\debug\recurly.test.dll" id="a6307c88-6880-eff7-6b98-8cec0f77ea74">
      <Execution id="1427e384-d21f-42a6-83ee-6a224bf94ec0" />
      <TestMethod codeBase="C:/dev/recurly-client-net/Test/bin/Debug/Recurly.Test.DLL" adapterTypeName="Microsoft.VisualStudio.TestTools.TestTypes.Unit.UnitTestAdapter, Microsoft.VisualStudio.QualityTools.Tips.UnitTest.Adapter, Version=10.0.0.0, Culture=neutral, PublicKeyToken=b03f5f7f11d50a3a" className="Recurly.Test.BillingInfoTest, Recurly.Test, Version=1.0.0.0, Culture=neutral, PublicKeyToken=null" name="ClearBillingInfo" />
    </UnitTest>
    <UnitTest name="CloseAccount" storage="c:\dev\recurly-client-net\test\bin\debug\recurly.test.dll" id="839b8906-fa97-3e4a-912c-81ae53cc31d4">
      <Execution id="db039a9a-6ef7-4e51-9f68-a59a8b50bd32" />
      <TestMethod codeBase="C:/dev/recurly-client-net/Test/bin/Debug/Recurly.Test.DLL" adapterTypeName="Microsoft.VisualStudio.TestTools.TestTypes.Unit.UnitTestAdapter, Microsoft.VisualStudio.QualityTools.Tips.UnitTest.Adapter, Version=10.0.0.0, Culture=neutral, PublicKeyToken=b03f5f7f11d50a3a" className="Recurly.Test.AccountTest, Recurly.Test, Version=1.0.0.0, Culture=neutral, PublicKeyToken=null" name="CloseAccount" />
    </UnitTest>
    <UnitTest name="FindNonExistantAccount" storage="c:\dev\recurly-client-net\test\bin\debug\recurly.test.dll" id="e3e106a3-a7e5-0d52-b37f-86781792e573">
      <Execution id="d3e1114b-912d-49b9-bf59-efe949cf3592" />
      <TestMethod codeBase="C:/dev/recurly-client-net/Test/bin/Debug/Recurly.Test.DLL" adapterTypeName="Microsoft.VisualStudio.TestTools.TestTypes.Unit.UnitTestAdapter, Microsoft.VisualStudio.QualityTools.Tips.UnitTest.Adapter, Version=10.0.0.0, Culture=neutral, PublicKeyToken=b03f5f7f11d50a3a" className="Recurly.Test.AccountTest, Recurly.Test, Version=1.0.0.0, Culture=neutral, PublicKeyToken=null" name="FindNonExistantAccount" />
    </UnitTest>
    <UnitTest name="UpdateBillingInfo" storage="c:\dev\recurly-client-net\test\bin\debug\recurly.test.dll" id="9e6ebedd-09f9-25f9-315f-752d97126c08">
      <Execution id="69636d3b-16de-427b-9745-29aee8ae1474" />
      <TestMethod codeBase="C:/dev/recurly-client-net/Test/bin/Debug/Recurly.Test.DLL" adapterTypeName="Microsoft.VisualStudio.TestTools.TestTypes.Unit.UnitTestAdapter, Microsoft.VisualStudio.QualityTools.Tips.UnitTest.Adapter, Version=10.0.0.0, Culture=neutral, PublicKeyToken=b03f5f7f11d50a3a" className="Recurly.Test.BillingInfoTest, Recurly.Test, Version=1.0.0.0, Culture=neutral, PublicKeyToken=null" name="UpdateBillingInfo" />
    </UnitTest>
    <UnitTest name="CreateAccount" storage="c:\dev\recurly-client-net\test\bin\debug\recurly.test.dll" id="00fdf40d-2a23-a5f4-85a5-3841337d8c48">
      <Execution id="030ead11-bd00-48bb-b2e4-2c3b0b9b03ec" />
      <TestMethod codeBase="C:/dev/recurly-client-net/Test/bin/Debug/Recurly.Test.DLL" adapterTypeName="Microsoft.VisualStudio.TestTools.TestTypes.Unit.UnitTestAdapter, Microsoft.VisualStudio.QualityTools.Tips.UnitTest.Adapter, Version=10.0.0.0, Culture=neutral, PublicKeyToken=b03f5f7f11d50a3a" className="Recurly.Test.AccountTest, Recurly.Test, Version=1.0.0.0, Culture=neutral, PublicKeyToken=null" name="CreateAccount" />
    </UnitTest>
    <UnitTest name="LookupAccount" storage="c:\dev\recurly-client-net\test\bin\debug\recurly.test.dll" id="cbafa9f1-e281-0f55-769d-8ce4bf7d8553">
      <Execution id="cfd19abc-12d2-414f-bb3f-a95802e33c91" />
      <TestMethod codeBase="C:/dev/recurly-client-net/Test/bin/Debug/Recurly.Test.DLL" adapterTypeName="Microsoft.VisualStudio.TestTools.TestTypes.Unit.UnitTestAdapter, Microsoft.VisualStudio.QualityTools.Tips.UnitTest.Adapter, Version=10.0.0.0, Culture=neutral, PublicKeyToken=b03f5f7f11d50a3a" className="Recurly.Test.AccountTest, Recurly.Test, Version=1.0.0.0, Culture=neutral, PublicKeyToken=null" name="LookupAccount" />
    </UnitTest>
    <UnitTest name="CloseAccount" storage="c:\dev\recurly-client-net\test\bin\debug\recurly.test.dll" id="e4eb6404-fb29-be97-1070-b69e8b647ace">
      <Execution id="938a8f03-3b0e-427e-b609-a9e1592bb8d0" />
      <TestMethod codeBase="C:/dev/recurly-client-net/Test/bin/Debug/Recurly.Test.DLL" adapterTypeName="Microsoft.VisualStudio.TestTools.TestTypes.Unit.UnitTestAdapter, Microsoft.VisualStudio.QualityTools.Tips.UnitTest.Adapter, Version=10.0.0.0, Culture=neutral, PublicKeyToken=b03f5f7f11d50a3a" className="Recurly.Test.BillingInfoTest, Recurly.Test, Version=1.0.0.0, Culture=neutral, PublicKeyToken=null" name="CloseAccount" />
    </UnitTest>
  </TestDefinitions>
  <TestLists>
    <TestList name="Results Not in a List" id="8c84fa94-04c1-424b-9868-57a2d4851a1d" />
    <TestList name="All Loaded Results" id="19431567-8539-422a-85d7-44ee4e166bda" />
  </TestLists>
  <TestEntries>
    <TestEntry testId="00fdf40d-2a23-a5f4-85a5-3841337d8c48" executionId="030ead11-bd00-48bb-b2e4-2c3b0b9b03ec" testListId="8c84fa94-04c1-424b-9868-57a2d4851a1d" />
    <TestEntry testId="5f478640-42ae-5fec-26d8-f773afb4102b" executionId="661ac828-59c8-424c-bbca-8dd71f283dc7" testListId="8c84fa94-04c1-424b-9868-57a2d4851a1d" />
    <TestEntry testId="79fb443b-d487-1a28-6d30-ee3ce4148245" executionId="0908acb9-c6bf-4f3a-9ac0-d4d719a5dd2b" testListId="8c84fa94-04c1-424b-9868-57a2d4851a1d" />
    <TestEntry testId="839b8906-fa97-3e4a-912c-81ae53cc31d4" executionId="db039a9a-6ef7-4e51-9f68-a59a8b50bd32" testListId="8c84fa94-04c1-424b-9868-57a2d4851a1d" />
    <TestEntry testId="9e6ebedd-09f9-25f9-315f-752d97126c08" executionId="69636d3b-16de-427b-9745-29aee8ae1474" testListId="8c84fa94-04c1-424b-9868-57a2d4851a1d" />
    <TestEntry testId="a6307c88-6880-eff7-6b98-8cec0f77ea74" executionId="1427e384-d21f-42a6-83ee-6a224bf94ec0" testListId="8c84fa94-04c1-424b-9868-57a2d4851a1d" />
    <TestEntry testId="cbafa9f1-e281-0f55-769d-8ce4bf7d8553" executionId="cfd19abc-12d2-414f-bb3f-a95802e33c91" testListId="8c84fa94-04c1-424b-9868-57a2d4851a1d" />
    <TestEntry testId="d019bb13-703c-670e-55fa-9f242541f50d" executionId="8a5c4454-10f2-498c-ac3a-e80739fef241" testListId="8c84fa94-04c1-424b-9868-57a2d4851a1d" />
    <TestEntry testId="dccb6676-35d0-8168-53a2-74eabb0b5bb4" executionId="48780eb6-9d52-468a-80ca-33208e8370c4" testListId="8c84fa94-04c1-424b-9868-57a2d4851a1d" />
    <TestEntry testId="e3e106a3-a7e5-0d52-b37f-86781792e573" executionId="d3e1114b-912d-49b9-bf59-efe949cf3592" testListId="8c84fa94-04c1-424b-9868-57a2d4851a1d" />
    <TestEntry testId="e4eb6404-fb29-be97-1070-b69e8b647ace" executionId="938a8f03-3b0e-427e-b609-a9e1592bb8d0" testListId="8c84fa94-04c1-424b-9868-57a2d4851a1d" />
  </TestEntries>
  <Results>
    <UnitTestResult executionId="030ead11-bd00-48bb-b2e4-2c3b0b9b03ec" testId="00fdf40d-2a23-a5f4-85a5-3841337d8c48" testName="CreateAccount" computerName="HAL" duration="00:00:00.0381535" startTime="2012-04-29T10:03:04.3329041+01:00" endTime="2012-04-29T10:03:04.5789181+01:00" testType="13cdc9d9-ddb5-4fa4-a97d-d965ccfc6d4b" outcome="Failed" testListId="8c84fa94-04c1-424b-9868-57a2d4851a1d" relativeResultsDirectory="030ead11-bd00-48bb-b2e4-2c3b0b9b03ec">
      <Output>
        <ErrorInfo>
          <Message>Test method Recurly.Test.AccountTest.CreateAccount threw exception: 
System.Configuration.ConfigurationErrorsException: Unrecognized attribute 'username'. Note that attribute names are case-sensitive. (C:\dev\recurly-client-net\Test\bin\Debug\Recurly.Test.DLL.config line 6)</Message>
          <StackTrace>    at System.Configuration.BaseConfigurationRecord.EvaluateOne(String[] keys, SectionInput input, Boolean isTrusted, FactoryRecord factoryRecord, SectionRecord sectionRecord, Object parentResult)
   at System.Configuration.BaseConfigurationRecord.Evaluate(FactoryRecord factoryRecord, SectionRecord sectionRecord, Object parentResult, Boolean getLkg, Boolean getRuntimeObject, Object&amp; result, Object&amp; resultRuntimeObject)
   at System.Configuration.BaseConfigurationRecord.GetSectionRecursive(String configKey, Boolean getLkg, Boolean checkPermission, Boolean getRuntimeObject, Boolean requestIsHere, Object&amp; result, Object&amp; resultRuntimeObject)
   at System.Configuration.BaseConfigurationRecord.GetSectionRecursive(String configKey, Boolean getLkg, Boolean checkPermission, Boolean getRuntimeObject, Boolean requestIsHere, Object&amp; result, Object&amp; resultRuntimeObject)
   at System.Configuration.BaseConfigurationRecord.GetSectionRecursive(String configKey, Boolean getLkg, Boolean checkPermission, Boolean getRuntimeObject, Boolean requestIsHere, Object&amp; result, Object&amp; resultRuntimeObject)
   at System.Configuration.BaseConfigurationRecord.GetSection(String configKey)
   at System.Configuration.ClientConfigurationSystem.System.Configuration.Internal.IInternalConfigSystem.GetSection(String sectionName)
   at System.Configuration.ConfigurationManager.GetSection(String sectionName)
   at Recurly.Configuration.RecurlySection.get_Current() in C:\dev\recurly-client-net\Library\Configuration\RecurlySection.cs:line 15
   at Recurly.RecurlyClient.get_Environment() in C:\dev\recurly-client-net\Library\RecurlyClient.cs:line 33
   at Recurly.RecurlyClient.PerformRequest(HttpRequestMethod method, String urlPath, WriteXmlDelegate writeXmlDelegate, ReadXmlDelegate readXmlDelegate) in C:\dev\recurly-client-net\Library\RecurlyClient.cs:line 130
   at Recurly.RecurlyClient.PerformRequest(HttpRequestMethod method, String urlPath, WriteXmlDelegate writeXmlDelegate) in C:\dev\recurly-client-net\Library\RecurlyClient.cs:line 124
   at Recurly.RecurlyAccount.Create() in C:\dev\recurly-client-net\Library\RecurlyAccount.cs:line 66
   at Recurly.Test.AccountTest.CreateAccount() in C:\dev\recurly-client-net\Test\AccountTest.cs:line 17
</StackTrace>
        </ErrorInfo>
      </Output>
    </UnitTestResult>
    <UnitTestResult executionId="661ac828-59c8-424c-bbca-8dd71f283dc7" testId="5f478640-42ae-5fec-26d8-f773afb4102b" testName="UpdateAccount" computerName="HAL" duration="00:00:00.0021693" startTime="2012-04-29T10:03:04.5839184+01:00" endTime="2012-04-29T10:03:04.5899188+01:00" testType="13cdc9d9-ddb5-4fa4-a97d-d965ccfc6d4b" outcome="Failed" testListId="8c84fa94-04c1-424b-9868-57a2d4851a1d" relativeResultsDirectory="661ac828-59c8-424c-bbca-8dd71f283dc7">
      <Output>
        <ErrorInfo>
          <Message>Test method Recurly.Test.AccountTest.UpdateAccount threw exception: 
System.Configuration.ConfigurationErrorsException: Unrecognized attribute 'username'. Note that attribute names are case-sensitive. (C:\dev\recurly-client-net\Test\bin\Debug\Recurly.Test.DLL.config line 6)</Message>
          <StackTrace>    at System.Configuration.BaseConfigurationRecord.EvaluateOne(String[] keys, SectionInput input, Boolean isTrusted, FactoryRecord factoryRecord, SectionRecord sectionRecord, Object parentResult)
   at System.Configuration.BaseConfigurationRecord.Evaluate(FactoryRecord factoryRecord, SectionRecord sectionRecord, Object parentResult, Boolean getLkg, Boolean getRuntimeObject, Object&amp; result, Object&amp; resultRuntimeObject)
   at System.Configuration.BaseConfigurationRecord.GetSectionRecursive(String configKey, Boolean getLkg, Boolean checkPermission, Boolean getRuntimeObject, Boolean requestIsHere, Object&amp; result, Object&amp; resultRuntimeObject)
   at System.Configuration.BaseConfigurationRecord.GetSectionRecursive(String configKey, Boolean getLkg, Boolean checkPermission, Boolean getRuntimeObject, Boolean requestIsHere, Object&amp; result, Object&amp; resultRuntimeObject)
   at System.Configuration.BaseConfigurationRecord.GetSectionRecursive(String configKey, Boolean getLkg, Boolean checkPermission, Boolean getRuntimeObject, Boolean requestIsHere, Object&amp; result, Object&amp; resultRuntimeObject)
   at System.Configuration.BaseConfigurationRecord.GetSection(String configKey)
   at System.Configuration.ClientConfigurationSystem.System.Configuration.Internal.IInternalConfigSystem.GetSection(String sectionName)
   at System.Configuration.ConfigurationManager.GetSection(String sectionName)
   at Recurly.Configuration.RecurlySection.get_Current() in C:\dev\recurly-client-net\Library\Configuration\RecurlySection.cs:line 15
   at Recurly.RecurlyClient.get_Environment() in C:\dev\recurly-client-net\Library\RecurlyClient.cs:line 33
   at Recurly.RecurlyClient.PerformRequest(HttpRequestMethod method, String urlPath, WriteXmlDelegate writeXmlDelegate, ReadXmlDelegate readXmlDelegate) in C:\dev\recurly-client-net\Library\RecurlyClient.cs:line 130
   at Recurly.RecurlyClient.PerformRequest(HttpRequestMethod method, String urlPath, WriteXmlDelegate writeXmlDelegate) in C:\dev\recurly-client-net\Library\RecurlyClient.cs:line 124
   at Recurly.RecurlyAccount.Create() in C:\dev\recurly-client-net\Library\RecurlyAccount.cs:line 66
   at Recurly.Test.AccountTest.UpdateAccount() in C:\dev\recurly-client-net\Test\AccountTest.cs:line 43
</StackTrace>
        </ErrorInfo>
      </Output>
    </UnitTestResult>
    <UnitTestResult executionId="0908acb9-c6bf-4f3a-9ac0-d4d719a5dd2b" testId="79fb443b-d487-1a28-6d30-ee3ce4148245" testName="CreateCharge" computerName="HAL" duration="00:00:00.0037478" startTime="2012-04-29T10:03:04.5929189+01:00" endTime="2012-04-29T10:03:04.5999193+01:00" testType="13cdc9d9-ddb5-4fa4-a97d-d965ccfc6d4b" outcome="Failed" testListId="8c84fa94-04c1-424b-9868-57a2d4851a1d" relativeResultsDirectory="0908acb9-c6bf-4f3a-9ac0-d4d719a5dd2b">
      <Output>
        <ErrorInfo>
          <Message>Test method Recurly.Test.ChargeTest.CreateCharge threw exception: 
System.Configuration.ConfigurationErrorsException: Unrecognized attribute 'username'. Note that attribute names are case-sensitive. (C:\dev\recurly-client-net\Test\bin\Debug\Recurly.Test.DLL.config line 6)</Message>
          <StackTrace>    at System.Configuration.BaseConfigurationRecord.EvaluateOne(String[] keys, SectionInput input, Boolean isTrusted, FactoryRecord factoryRecord, SectionRecord sectionRecord, Object parentResult)
   at System.Configuration.BaseConfigurationRecord.Evaluate(FactoryRecord factoryRecord, SectionRecord sectionRecord, Object parentResult, Boolean getLkg, Boolean getRuntimeObject, Object&amp; result, Object&amp; resultRuntimeObject)
   at System.Configuration.BaseConfigurationRecord.GetSectionRecursive(String configKey, Boolean getLkg, Boolean checkPermission, Boolean getRuntimeObject, Boolean requestIsHere, Object&amp; result, Object&amp; resultRuntimeObject)
   at System.Configuration.BaseConfigurationRecord.GetSectionRecursive(String configKey, Boolean getLkg, Boolean checkPermission, Boolean getRuntimeObject, Boolean requestIsHere, Object&amp; result, Object&amp; resultRuntimeObject)
   at System.Configuration.BaseConfigurationRecord.GetSectionRecursive(String configKey, Boolean getLkg, Boolean checkPermission, Boolean getRuntimeObject, Boolean requestIsHere, Object&amp; result, Object&amp; resultRuntimeObject)
   at System.Configuration.BaseConfigurationRecord.GetSection(String configKey)
   at System.Configuration.ClientConfigurationSystem.System.Configuration.Internal.IInternalConfigSystem.GetSection(String sectionName)
   at System.Configuration.ConfigurationManager.GetSection(String sectionName)
   at Recurly.Configuration.RecurlySection.get_Current() in C:\dev\recurly-client-net\Library\Configuration\RecurlySection.cs:line 15
   at Recurly.RecurlyClient.get_Environment() in C:\dev\recurly-client-net\Library\RecurlyClient.cs:line 33
   at Recurly.RecurlyClient.PerformRequest(HttpRequestMethod method, String urlPath, WriteXmlDelegate writeXmlDelegate, ReadXmlDelegate readXmlDelegate) in C:\dev\recurly-client-net\Library\RecurlyClient.cs:line 130
   at Recurly.RecurlyClient.PerformRequest(HttpRequestMethod method, String urlPath, WriteXmlDelegate writeXmlDelegate) in C:\dev\recurly-client-net\Library\RecurlyClient.cs:line 124
   at Recurly.RecurlyAccount.Create() in C:\dev\recurly-client-net\Library\RecurlyAccount.cs:line 66
   at Recurly.Test.ChargeTest.CreateCharge() in C:\dev\recurly-client-net\Test\ChargeTest.cs:line 16
</StackTrace>
        </ErrorInfo>
      </Output>
    </UnitTestResult>
    <UnitTestResult executionId="db039a9a-6ef7-4e51-9f68-a59a8b50bd32" testId="839b8906-fa97-3e4a-912c-81ae53cc31d4" testName="CloseAccount" computerName="HAL" duration="00:00:00.0032046" startTime="2012-04-29T10:03:04.6059197+01:00" endTime="2012-04-29T10:03:04.6139201+01:00" testType="13cdc9d9-ddb5-4fa4-a97d-d965ccfc6d4b" outcome="Failed" testListId="8c84fa94-04c1-424b-9868-57a2d4851a1d" relativeResultsDirectory="db039a9a-6ef7-4e51-9f68-a59a8b50bd32">
      <Output>
        <ErrorInfo>
          <Message>Test method Recurly.Test.AccountTest.CloseAccount threw exception: 
System.Configuration.ConfigurationErrorsException: Unrecognized attribute 'username'. Note that attribute names are case-sensitive. (C:\dev\recurly-client-net\Test\bin\Debug\Recurly.Test.DLL.config line 6)</Message>
          <StackTrace>    at System.Configuration.BaseConfigurationRecord.EvaluateOne(String[] keys, SectionInput input, Boolean isTrusted, FactoryRecord factoryRecord, SectionRecord sectionRecord, Object parentResult)
   at System.Configuration.BaseConfigurationRecord.Evaluate(FactoryRecord factoryRecord, SectionRecord sectionRecord, Object parentResult, Boolean getLkg, Boolean getRuntimeObject, Object&amp; result, Object&amp; resultRuntimeObject)
   at System.Configuration.BaseConfigurationRecord.GetSectionRecursive(String configKey, Boolean getLkg, Boolean checkPermission, Boolean getRuntimeObject, Boolean requestIsHere, Object&amp; result, Object&amp; resultRuntimeObject)
   at System.Configuration.BaseConfigurationRecord.GetSectionRecursive(String configKey, Boolean getLkg, Boolean checkPermission, Boolean getRuntimeObject, Boolean requestIsHere, Object&amp; result, Object&amp; resultRuntimeObject)
   at System.Configuration.BaseConfigurationRecord.GetSectionRecursive(String configKey, Boolean getLkg, Boolean checkPermission, Boolean getRuntimeObject, Boolean requestIsHere, Object&amp; result, Object&amp; resultRuntimeObject)
   at System.Configuration.BaseConfigurationRecord.GetSection(String configKey)
   at System.Configuration.ClientConfigurationSystem.System.Configuration.Internal.IInternalConfigSystem.GetSection(String sectionName)
   at System.Configuration.ConfigurationManager.GetSection(String sectionName)
   at Recurly.Configuration.RecurlySection.get_Current() in C:\dev\recurly-client-net\Library\Configuration\RecurlySection.cs:line 15
   at Recurly.RecurlyClient.get_Environment() in C:\dev\recurly-client-net\Library\RecurlyClient.cs:line 33
   at Recurly.RecurlyClient.PerformRequest(HttpRequestMethod method, String urlPath, WriteXmlDelegate writeXmlDelegate, ReadXmlDelegate readXmlDelegate) in C:\dev\recurly-client-net\Library\RecurlyClient.cs:line 130
   at Recurly.RecurlyClient.PerformRequest(HttpRequestMethod method, String urlPath, WriteXmlDelegate writeXmlDelegate) in C:\dev\recurly-client-net\Library\RecurlyClient.cs:line 124
   at Recurly.RecurlyAccount.Create() in C:\dev\recurly-client-net\Library\RecurlyAccount.cs:line 66
   at Recurly.Test.AccountTest.CloseAccount() in C:\dev\recurly-client-net\Test\AccountTest.cs:line 56
</StackTrace>
        </ErrorInfo>
      </Output>
    </UnitTestResult>
    <UnitTestResult executionId="69636d3b-16de-427b-9745-29aee8ae1474" testId="9e6ebedd-09f9-25f9-315f-752d97126c08" testName="UpdateBillingInfo" computerName="HAL" duration="00:00:00.0065403" startTime="2012-04-29T10:03:04.6229207+01:00" endTime="2012-04-29T10:03:04.6419217+01:00" testType="13cdc9d9-ddb5-4fa4-a97d-d965ccfc6d4b" outcome="Failed" testListId="8c84fa94-04c1-424b-9868-57a2d4851a1d" relativeResultsDirectory="69636d3b-16de-427b-9745-29aee8ae1474">
      <Output>
        <ErrorInfo>
          <Message>Test method Recurly.Test.BillingInfoTest.UpdateBillingInfo threw exception: 
System.Configuration.ConfigurationErrorsException: Unrecognized attribute 'username'. Note that attribute names are case-sensitive. (C:\dev\recurly-client-net\Test\bin\Debug\Recurly.Test.DLL.config line 6)</Message>
          <StackTrace>    at System.Configuration.BaseConfigurationRecord.EvaluateOne(String[] keys, SectionInput input, Boolean isTrusted, FactoryRecord factoryRecord, SectionRecord sectionRecord, Object parentResult)
   at System.Configuration.BaseConfigurationRecord.Evaluate(FactoryRecord factoryRecord, SectionRecord sectionRecord, Object parentResult, Boolean getLkg, Boolean getRuntimeObject, Object&amp; result, Object&amp; resultRuntimeObject)
   at System.Configuration.BaseConfigurationRecord.GetSectionRecursive(String configKey, Boolean getLkg, Boolean checkPermission, Boolean getRuntimeObject, Boolean requestIsHere, Object&amp; result, Object&amp; resultRuntimeObject)
   at System.Configuration.BaseConfigurationRecord.GetSectionRecursive(String configKey, Boolean getLkg, Boolean checkPermission, Boolean getRuntimeObject, Boolean requestIsHere, Object&amp; result, Object&amp; resultRuntimeObject)
   at System.Configuration.BaseConfigurationRecord.GetSectionRecursive(String configKey, Boolean getLkg, Boolean checkPermission, Boolean getRuntimeObject, Boolean requestIsHere, Object&amp; result, Object&amp; resultRuntimeObject)
   at System.Configuration.BaseConfigurationRecord.GetSection(String configKey)
   at System.Configuration.ClientConfigurationSystem.System.Configuration.Internal.IInternalConfigSystem.GetSection(String sectionName)
   at System.Configuration.ConfigurationManager.GetSection(String sectionName)
   at Recurly.Configuration.RecurlySection.get_Current() in C:\dev\recurly-client-net\Library\Configuration\RecurlySection.cs:line 15
   at Recurly.RecurlyClient.get_Environment() in C:\dev\recurly-client-net\Library\RecurlyClient.cs:line 33
   at Recurly.RecurlyClient.PerformRequest(HttpRequestMethod method, String urlPath, WriteXmlDelegate writeXmlDelegate, ReadXmlDelegate readXmlDelegate) in C:\dev\recurly-client-net\Library\RecurlyClient.cs:line 130
   at Recurly.RecurlyClient.PerformRequest(HttpRequestMethod method, String urlPath, WriteXmlDelegate writeXmlDelegate) in C:\dev\recurly-client-net\Library\RecurlyClient.cs:line 124
   at Recurly.RecurlyAccount.Create() in C:\dev\recurly-client-net\Library\RecurlyAccount.cs:line 66
   at Recurly.Test.BillingInfoTest.UpdateBillingInfo() in C:\dev\recurly-client-net\Test\BillingInfoTest.cs:line 16
</StackTrace>
        </ErrorInfo>
      </Output>
    </UnitTestResult>
    <UnitTestResult executionId="1427e384-d21f-42a6-83ee-6a224bf94ec0" testId="a6307c88-6880-eff7-6b98-8cec0f77ea74" testName="ClearBillingInfo" computerName="HAL" duration="00:00:00.0023201" startTime="2012-04-29T10:03:04.6459220+01:00" endTime="2012-04-29T10:03:04.6599228+01:00" testType="13cdc9d9-ddb5-4fa4-a97d-d965ccfc6d4b" outcome="Failed" testListId="8c84fa94-04c1-424b-9868-57a2d4851a1d" relativeResultsDirectory="1427e384-d21f-42a6-83ee-6a224bf94ec0">
      <Output>
        <ErrorInfo>
          <Message>Test method Recurly.Test.BillingInfoTest.ClearBillingInfo threw exception: 
System.Configuration.ConfigurationErrorsException: Unrecognized attribute 'username'. Note that attribute names are case-sensitive. (C:\dev\recurly-client-net\Test\bin\Debug\Recurly.Test.DLL.config line 6)</Message>
          <StackTrace>    at System.Configuration.BaseConfigurationRecord.EvaluateOne(String[] keys, SectionInput input, Boolean isTrusted, FactoryRecord factoryRecord, SectionRecord sectionRecord, Object parentResult)
   at System.Configuration.BaseConfigurationRecord.Evaluate(FactoryRecord factoryRecord, SectionRecord sectionRecord, Object parentResult, Boolean getLkg, Boolean getRuntimeObject, Object&amp; result, Object&amp; resultRuntimeObject)
   at System.Configuration.BaseConfigurationRecord.GetSectionRecursive(String configKey, Boolean getLkg, Boolean checkPermission, Boolean getRuntimeObject, Boolean requestIsHere, Object&amp; result, Object&amp; resultRuntimeObject)
   at System.Configuration.BaseConfigurationRecord.GetSectionRecursive(String configKey, Boolean getLkg, Boolean checkPermission, Boolean getRuntimeObject, Boolean requestIsHere, Object&amp; result, Object&amp; resultRuntimeObject)
   at System.Configuration.BaseConfigurationRecord.GetSectionRecursive(String configKey, Boolean getLkg, Boolean checkPermission, Boolean getRuntimeObject, Boolean requestIsHere, Object&amp; result, Object&amp; resultRuntimeObject)
   at System.Configuration.BaseConfigurationRecord.GetSection(String configKey)
   at System.Configuration.ClientConfigurationSystem.System.Configuration.Internal.IInternalConfigSystem.GetSection(String sectionName)
   at System.Configuration.ConfigurationManager.GetSection(String sectionName)
   at Recurly.Configuration.RecurlySection.get_Current() in C:\dev\recurly-client-net\Library\Configuration\RecurlySection.cs:line 15
   at Recurly.RecurlyClient.get_Environment() in C:\dev\recurly-client-net\Library\RecurlyClient.cs:line 33
   at Recurly.RecurlyClient.PerformRequest(HttpRequestMethod method, String urlPath, WriteXmlDelegate writeXmlDelegate, ReadXmlDelegate readXmlDelegate) in C:\dev\recurly-client-net\Library\RecurlyClient.cs:line 130
   at Recurly.RecurlyClient.PerformRequest(HttpRequestMethod method, String urlPath, WriteXmlDelegate writeXmlDelegate) in C:\dev\recurly-client-net\Library\RecurlyClient.cs:line 124
   at Recurly.RecurlyAccount.Create() in C:\dev\recurly-client-net\Library\RecurlyAccount.cs:line 66
   at Recurly.Test.BillingInfoTest.ClearBillingInfo() in C:\dev\recurly-client-net\Test\BillingInfoTest.cs:line 51
</StackTrace>
        </ErrorInfo>
      </Output>
    </UnitTestResult>
    <UnitTestResult executionId="cfd19abc-12d2-414f-bb3f-a95802e33c91" testId="cbafa9f1-e281-0f55-769d-8ce4bf7d8553" testName="LookupAccount" computerName="HAL" duration="00:00:00.0035253" startTime="2012-04-29T10:03:04.6629229+01:00" endTime="2012-04-29T10:03:04.6869243+01:00" testType="13cdc9d9-ddb5-4fa4-a97d-d965ccfc6d4b" outcome="Failed" testListId="8c84fa94-04c1-424b-9868-57a2d4851a1d" relativeResultsDirectory="cfd19abc-12d2-414f-bb3f-a95802e33c91">
      <Output>
        <ErrorInfo>
          <Message>Test method Recurly.Test.AccountTest.LookupAccount threw exception: 
System.Configuration.ConfigurationErrorsException: Unrecognized attribute 'username'. Note that attribute names are case-sensitive. (C:\dev\recurly-client-net\Test\bin\Debug\Recurly.Test.DLL.config line 6)</Message>
          <StackTrace>    at System.Configuration.BaseConfigurationRecord.EvaluateOne(String[] keys, SectionInput input, Boolean isTrusted, FactoryRecord factoryRecord, SectionRecord sectionRecord, Object parentResult)
   at System.Configuration.BaseConfigurationRecord.Evaluate(FactoryRecord factoryRecord, SectionRecord sectionRecord, Object parentResult, Boolean getLkg, Boolean getRuntimeObject, Object&amp; result, Object&amp; resultRuntimeObject)
   at System.Configuration.BaseConfigurationRecord.GetSectionRecursive(String configKey, Boolean getLkg, Boolean checkPermission, Boolean getRuntimeObject, Boolean requestIsHere, Object&amp; result, Object&amp; resultRuntimeObject)
   at System.Configuration.BaseConfigurationRecord.GetSectionRecursive(String configKey, Boolean getLkg, Boolean checkPermission, Boolean getRuntimeObject, Boolean requestIsHere, Object&amp; result, Object&amp; resultRuntimeObject)
   at System.Configuration.BaseConfigurationRecord.GetSectionRecursive(String configKey, Boolean getLkg, Boolean checkPermission, Boolean getRuntimeObject, Boolean requestIsHere, Object&amp; result, Object&amp; resultRuntimeObject)
   at System.Configuration.BaseConfigurationRecord.GetSection(String configKey)
   at System.Configuration.ClientConfigurationSystem.System.Configuration.Internal.IInternalConfigSystem.GetSection(String sectionName)
   at System.Configuration.ConfigurationManager.GetSection(String sectionName)
   at Recurly.Configuration.RecurlySection.get_Current() in C:\dev\recurly-client-net\Library\Configuration\RecurlySection.cs:line 15
   at Recurly.RecurlyClient.get_Environment() in C:\dev\recurly-client-net\Library\RecurlyClient.cs:line 33
   at Recurly.RecurlyClient.PerformRequest(HttpRequestMethod method, String urlPath, WriteXmlDelegate writeXmlDelegate, ReadXmlDelegate readXmlDelegate) in C:\dev\recurly-client-net\Library\RecurlyClient.cs:line 130
   at Recurly.RecurlyClient.PerformRequest(HttpRequestMethod method, String urlPath, WriteXmlDelegate writeXmlDelegate) in C:\dev\recurly-client-net\Library\RecurlyClient.cs:line 124
   at Recurly.RecurlyAccount.Create() in C:\dev\recurly-client-net\Library\RecurlyAccount.cs:line 66
   at Recurly.Test.AccountTest.LookupAccount() in C:\dev\recurly-client-net\Test\AccountTest.cs:line 24
</StackTrace>
        </ErrorInfo>
      </Output>
    </UnitTestResult>
    <UnitTestResult executionId="8a5c4454-10f2-498c-ac3a-e80739fef241" testId="d019bb13-703c-670e-55fa-9f242541f50d" testName="LookupBillingInfo" computerName="HAL" duration="00:00:00.0025054" startTime="2012-04-29T10:03:04.6909245+01:00" endTime="2012-04-29T10:03:04.6979249+01:00" testType="13cdc9d9-ddb5-4fa4-a97d-d965ccfc6d4b" outcome="Failed" testListId="8c84fa94-04c1-424b-9868-57a2d4851a1d" relativeResultsDirectory="8a5c4454-10f2-498c-ac3a-e80739fef241">
      <Output>
        <ErrorInfo>
          <Message>Test method Recurly.Test.BillingInfoTest.LookupBillingInfo threw exception: 
System.Configuration.ConfigurationErrorsException: Unrecognized attribute 'username'. Note that attribute names are case-sensitive. (C:\dev\recurly-client-net\Test\bin\Debug\Recurly.Test.DLL.config line 6)</Message>
          <StackTrace>    at System.Configuration.BaseConfigurationRecord.EvaluateOne(String[] keys, SectionInput input, Boolean isTrusted, FactoryRecord factoryRecord, SectionRecord sectionRecord, Object parentResult)
   at System.Configuration.BaseConfigurationRecord.Evaluate(FactoryRecord factoryRecord, SectionRecord sectionRecord, Object parentResult, Boolean getLkg, Boolean getRuntimeObject, Object&amp; result, Object&amp; resultRuntimeObject)
   at System.Configuration.BaseConfigurationRecord.GetSectionRecursive(String configKey, Boolean getLkg, Boolean checkPermission, Boolean getRuntimeObject, Boolean requestIsHere, Object&amp; result, Object&amp; resultRuntimeObject)
   at System.Configuration.BaseConfigurationRecord.GetSectionRecursive(String configKey, Boolean getLkg, Boolean checkPermission, Boolean getRuntimeObject, Boolean requestIsHere, Object&amp; result, Object&amp; resultRuntimeObject)
   at System.Configuration.BaseConfigurationRecord.GetSectionRecursive(String configKey, Boolean getLkg, Boolean checkPermission, Boolean getRuntimeObject, Boolean requestIsHere, Object&amp; result, Object&amp; resultRuntimeObject)
   at System.Configuration.BaseConfigurationRecord.GetSection(String configKey)
   at System.Configuration.ClientConfigurationSystem.System.Configuration.Internal.IInternalConfigSystem.GetSection(String sectionName)
   at System.Configuration.ConfigurationManager.GetSection(String sectionName)
   at Recurly.Configuration.RecurlySection.get_Current() in C:\dev\recurly-client-net\Library\Configuration\RecurlySection.cs:line 15
   at Recurly.RecurlyClient.get_Environment() in C:\dev\recurly-client-net\Library\RecurlyClient.cs:line 33
   at Recurly.RecurlyClient.PerformRequest(HttpRequestMethod method, String urlPath, WriteXmlDelegate writeXmlDelegate, ReadXmlDelegate readXmlDelegate) in C:\dev\recurly-client-net\Library\RecurlyClient.cs:line 130
   at Recurly.RecurlyClient.PerformRequest(HttpRequestMethod method, String urlPath, WriteXmlDelegate writeXmlDelegate) in C:\dev\recurly-client-net\Library\RecurlyClient.cs:line 124
   at Recurly.RecurlyAccount.Create() in C:\dev\recurly-client-net\Library\RecurlyAccount.cs:line 66
   at Recurly.Test.BillingInfoTest.LookupBillingInfo() in C:\dev\recurly-client-net\Test\BillingInfoTest.cs:line 26
</StackTrace>
        </ErrorInfo>
      </Output>
    </UnitTestResult>
    <UnitTestResult executionId="48780eb6-9d52-468a-80ca-33208e8370c4" testId="dccb6676-35d0-8168-53a2-74eabb0b5bb4" testName="LookupMissingInfo" computerName="HAL" duration="00:00:00.0021492" startTime="2012-04-29T10:03:04.7029252+01:00" endTime="2012-04-29T10:03:04.7099256+01:00" testType="13cdc9d9-ddb5-4fa4-a97d-d965ccfc6d4b" outcome="Failed" testListId="8c84fa94-04c1-424b-9868-57a2d4851a1d" relativeResultsDirectory="48780eb6-9d52-468a-80ca-33208e8370c4">
      <Output>
        <ErrorInfo>
          <Message>Test method Recurly.Test.BillingInfoTest.LookupMissingInfo threw exception: 
System.Configuration.ConfigurationErrorsException: Unrecognized attribute 'username'. Note that attribute names are case-sensitive. (C:\dev\recurly-client-net\Test\bin\Debug\Recurly.Test.DLL.config line 6)</Message>
          <StackTrace>    at System.Configuration.BaseConfigurationRecord.EvaluateOne(String[] keys, SectionInput input, Boolean isTrusted, FactoryRecord factoryRecord, SectionRecord sectionRecord, Object parentResult)
   at System.Configuration.BaseConfigurationRecord.Evaluate(FactoryRecord factoryRecord, SectionRecord sectionRecord, Object parentResult, Boolean getLkg, Boolean getRuntimeObject, Object&amp; result, Object&amp; resultRuntimeObject)
   at System.Configuration.BaseConfigurationRecord.GetSectionRecursive(String configKey, Boolean getLkg, Boolean checkPermission, Boolean getRuntimeObject, Boolean requestIsHere, Object&amp; result, Object&amp; resultRuntimeObject)
   at System.Configuration.BaseConfigurationRecord.GetSectionRecursive(String configKey, Boolean getLkg, Boolean checkPermission, Boolean getRuntimeObject, Boolean requestIsHere, Object&amp; result, Object&amp; resultRuntimeObject)
   at System.Configuration.BaseConfigurationRecord.GetSectionRecursive(String configKey, Boolean getLkg, Boolean checkPermission, Boolean getRuntimeObject, Boolean requestIsHere, Object&amp; result, Object&amp; resultRuntimeObject)
   at System.Configuration.BaseConfigurationRecord.GetSection(String configKey)
   at System.Configuration.ClientConfigurationSystem.System.Configuration.Internal.IInternalConfigSystem.GetSection(String sectionName)
   at System.Configuration.ConfigurationManager.GetSection(String sectionName)
   at Recurly.Configuration.RecurlySection.get_Current() in C:\dev\recurly-client-net\Library\Configuration\RecurlySection.cs:line 15
   at Recurly.RecurlyClient.get_Environment() in C:\dev\recurly-client-net\Library\RecurlyClient.cs:line 33
   at Recurly.RecurlyClient.PerformRequest(HttpRequestMethod method, String urlPath, WriteXmlDelegate writeXmlDelegate, ReadXmlDelegate readXmlDelegate) in C:\dev\recurly-client-net\Library\RecurlyClient.cs:line 130
   at Recurly.RecurlyClient.PerformRequest(HttpRequestMethod method, String urlPath, WriteXmlDelegate writeXmlDelegate) in C:\dev\recurly-client-net\Library\RecurlyClient.cs:line 124
   at Recurly.RecurlyAccount.Create() in C:\dev\recurly-client-net\Library\RecurlyAccount.cs:line 66
   at Recurly.Test.BillingInfoTest.LookupMissingInfo() in C:\dev\recurly-client-net\Test\BillingInfoTest.cs:line 41
</StackTrace>
        </ErrorInfo>
      </Output>
    </UnitTestResult>
    <UnitTestResult executionId="d3e1114b-912d-49b9-bf59-efe949cf3592" testId="e3e106a3-a7e5-0d52-b37f-86781792e573" testName="FindNonExistantAccount" computerName="HAL" duration="00:00:00.0087426" startTime="2012-04-29T10:03:04.7139259+01:00" endTime="2012-04-29T10:03:04.7269266+01:00" testType="13cdc9d9-ddb5-4fa4-a97d-d965ccfc6d4b" outcome="Failed" testListId="8c84fa94-04c1-424b-9868-57a2d4851a1d" relativeResultsDirectory="d3e1114b-912d-49b9-bf59-efe949cf3592">
      <Output>
        <ErrorInfo>
          <Message>Test method Recurly.Test.AccountTest.FindNonExistantAccount threw exception System.Configuration.ConfigurationErrorsException, but exception Recurly.NotFoundException was expected. Exception message: System.Configuration.ConfigurationErrorsException: Unrecognized attribute 'username'. Note that attribute names are case-sensitive. (C:\dev\recurly-client-net\Test\bin\Debug\Recurly.Test.DLL.config line 6)</Message>
          <StackTrace>    at System.Configuration.BaseConfigurationRecord.EvaluateOne(String[] keys, SectionInput input, Boolean isTrusted, FactoryRecord factoryRecord, SectionRecord sectionRecord, Object parentResult)
   at System.Configuration.BaseConfigurationRecord.Evaluate(FactoryRecord factoryRecord, SectionRecord sectionRecord, Object parentResult, Boolean getLkg, Boolean getRuntimeObject, Object&amp; result, Object&amp; resultRuntimeObject)
   at System.Configuration.BaseConfigurationRecord.GetSectionRecursive(String configKey, Boolean getLkg, Boolean checkPermission, Boolean getRuntimeObject, Boolean requestIsHere, Object&amp; result, Object&amp; resultRuntimeObject)
   at System.Configuration.BaseConfigurationRecord.GetSectionRecursive(String configKey, Boolean getLkg, Boolean checkPermission, Boolean getRuntimeObject, Boolean requestIsHere, Object&amp; result, Object&amp; resultRuntimeObject)
   at System.Configuration.BaseConfigurationRecord.GetSectionRecursive(String configKey, Boolean getLkg, Boolean checkPermission, Boolean getRuntimeObject, Boolean requestIsHere, Object&amp; result, Object&amp; resultRuntimeObject)
   at System.Configuration.BaseConfigurationRecord.GetSection(String configKey)
   at System.Configuration.ClientConfigurationSystem.System.Configuration.Internal.IInternalConfigSystem.GetSection(String sectionName)
   at System.Configuration.ConfigurationManager.GetSection(String sectionName)
   at Recurly.Configuration.RecurlySection.get_Current() in C:\dev\recurly-client-net\Library\Configuration\RecurlySection.cs:line 15
   at Recurly.RecurlyClient.get_Environment() in C:\dev\recurly-client-net\Library\RecurlyClient.cs:line 33
   at Recurly.RecurlyClient.PerformRequest(HttpRequestMethod method, String urlPath, WriteXmlDelegate writeXmlDelegate, ReadXmlDelegate readXmlDelegate) in C:\dev\recurly-client-net\Library\RecurlyClient.cs:line 130
   at Recurly.RecurlyClient.PerformRequest(HttpRequestMethod method, String urlPath, ReadXmlDelegate readXmlDelegate) in C:\dev\recurly-client-net\Library\RecurlyClient.cs:line 118
   at Recurly.RecurlyAccount.Get(String accountCode) in C:\dev\recurly-client-net\Library\RecurlyAccount.cs:line 51
   at Recurly.Test.AccountTest.FindNonExistantAccount() in C:\dev\recurly-client-net\Test\AccountTest.cs:line 36
</StackTrace>
        </ErrorInfo>
      </Output>
    </UnitTestResult>
    <UnitTestResult executionId="938a8f03-3b0e-427e-b609-a9e1592bb8d0" testId="e4eb6404-fb29-be97-1070-b69e8b647ace" testName="CloseAccount" computerName="HAL" duration="00:00:00.0028089" startTime="2012-04-29T10:03:04.7419275+01:00" endTime="2012-04-29T10:03:04.7479278+01:00" testType="13cdc9d9-ddb5-4fa4-a97d-d965ccfc6d4b" outcome="Failed" testListId="8c84fa94-04c1-424b-9868-57a2d4851a1d" relativeResultsDirectory="938a8f03-3b0e-427e-b609-a9e1592bb8d0">
      <Output>
        <ErrorInfo>
          <Message>Test method Recurly.Test.BillingInfoTest.CloseAccount threw exception: 
System.Configuration.ConfigurationErrorsException: Unrecognized attribute 'username'. Note that attribute names are case-sensitive. (C:\dev\recurly-client-net\Test\bin\Debug\Recurly.Test.DLL.config line 6)</Message>
          <StackTrace>    at System.Configuration.BaseConfigurationRecord.EvaluateOne(String[] keys, SectionInput input, Boolean isTrusted, FactoryRecord factoryRecord, SectionRecord sectionRecord, Object parentResult)
   at System.Configuration.BaseConfigurationRecord.Evaluate(FactoryRecord factoryRecord, SectionRecord sectionRecord, Object parentResult, Boolean getLkg, Boolean getRuntimeObject, Object&amp; result, Object&amp; resultRuntimeObject)
   at System.Configuration.BaseConfigurationRecord.GetSectionRecursive(String configKey, Boolean getLkg, Boolean checkPermission, Boolean getRuntimeObject, Boolean requestIsHere, Object&amp; result, Object&amp; resultRuntimeObject)
   at System.Configuration.BaseConfigurationRecord.GetSectionRecursive(String configKey, Boolean getLkg, Boolean checkPermission, Boolean getRuntimeObject, Boolean requestIsHere, Object&amp; result, Object&amp; resultRuntimeObject)
   at System.Configuration.BaseConfigurationRecord.GetSectionRecursive(String configKey, Boolean getLkg, Boolean checkPermission, Boolean getRuntimeObject, Boolean requestIsHere, Object&amp; result, Object&amp; resultRuntimeObject)
   at System.Configuration.BaseConfigurationRecord.GetSection(String configKey)
   at System.Configuration.ClientConfigurationSystem.System.Configuration.Internal.IInternalConfigSystem.GetSection(String sectionName)
   at System.Configuration.ConfigurationManager.GetSection(String sectionName)
   at Recurly.Configuration.RecurlySection.get_Current() in C:\dev\recurly-client-net\Library\Configuration\RecurlySection.cs:line 15
   at Recurly.RecurlyClient.get_Environment() in C:\dev\recurly-client-net\Library\RecurlyClient.cs:line 33
   at Recurly.RecurlyClient.PerformRequest(HttpRequestMethod method, String urlPath, WriteXmlDelegate writeXmlDelegate, ReadXmlDelegate readXmlDelegate) in C:\dev\recurly-client-net\Library\RecurlyClient.cs:line 130
   at Recurly.RecurlyClient.PerformRequest(HttpRequestMethod method, String urlPath) in C:\dev\recurly-client-net\Library\RecurlyClient.cs:line 112
   at Recurly.RecurlyAccount.CloseAccount(String accountCode) in C:\dev\recurly-client-net\Library\RecurlyAccount.cs:line 97
   at Recurly.RecurlyAccount.CloseAccount() in C:\dev\recurly-client-net\Library\RecurlyAccount.cs:line 87
   at Recurly.Test.BillingInfoTest.CloseAccount() in C:\dev\recurly-client-net\Test\BillingInfoTest.cs:line 63
</StackTrace>
        </ErrorInfo>
      </Output>
    </UnitTestResult>
  </Results>
</TestRun>