<?xml version="1.0" encoding="UTF-8"?>
<TestRun id="8f90d2ef-9057-4f4b-9d8a-e301b3efc56f" name="Tom@HAL 2012-04-29 09:59:33" runUser="Hal\Tom" xmlns="http://microsoft.com/schemas/VisualStudio/TeamTest/2010">
  <TestSettings name="Local" id="feab0091-aeb5-4294-8a78-86a43346a953">
    <Description>These are default test settings for a local test run.</Description>
    <Deployment enabled="false" runDeploymentRoot="Tom_HAL 2012-04-29 09_59_33" />
    <Execution>
      <TestTypeSpecific />
      <AgentRule name="Execution Agents">
      </AgentRule>
    </Execution>
  </TestSettings>
  <Times creation="2012-04-29T09:59:33.3458045+01:00" queuing="2012-04-29T09:59:38.2910655+01:00" start="2012-04-29T09:59:38.4960773+01:00" finish="2012-04-29T09:59:39.0591095+01:00" />
  <ResultSummary outcome="Completed">
    <Counters total="1" executed="1" passed="1" error="0" failed="0" timeout="0" aborted="0" inconclusive="0" passedButRunAborted="0" notRunnable="0" notExecuted="0" disconnected="0" warning="0" completed="0" inProgress="0" pending="0" />
  </ResultSummary>
  <TestDefinitions>
    <UnitTest name="TestMethod1" storage="c:\dev\recurly-client-net\testproject1\bin\debug\testproject1.dll" id="59863143-3238-122e-4d8a-637b491cc755">
      <Execution id="7b70db3f-2778-4aa8-a608-57641356d946" />
      <TestMethod codeBase="C:/dev/recurly-client-net/TestProject1/bin/Debug/TestProject1.DLL" adapterTypeName="Microsoft.VisualStudio.TestTools.TestTypes.Unit.UnitTestAdapter, Microsoft.VisualStudio.QualityTools.Tips.UnitTest.Adapter, Version=10.0.0.0, Culture=neutral, PublicKeyToken=b03f5f7f11d50a3a" className="TestProject1.UnitTest1, TestProject1, Version=1.0.0.0, Culture=neutral, PublicKeyToken=null" name="TestMethod1" />
    </UnitTest>
  </TestDefinitions>
  <TestLists>
    <TestList name="Results Not in a List" id="8c84fa94-04c1-424b-9868-57a2d4851a1d" />
    <TestList name="All Loaded Results" id="19431567-8539-422a-85d7-44ee4e166bda" />
  </TestLists>
  <TestEntries>
    <TestEntry testId="59863143-3238-122e-4d8a-637b491cc755" executionId="7b70db3f-2778-4aa8-a608-57641356d946" testListId="8c84fa94-04c1-424b-9868-57a2d4851a1d" />
  </TestEntries>
  <Results>
    <UnitTestResult executionId="7b70db3f-2778-4aa8-a608-57641356d946" testId="59863143-3238-122e-4d8a-637b491cc755" testName="TestMethod1" computerName="HAL" duration="00:00:00.0263428" startTime="2012-04-29T09:59:38.5610810+01:00" endTime="2012-04-29T09:59:38.9391026+01:00" testType="13cdc9d9-ddb5-4fa4-a97d-d965ccfc6d4b" outcome="Passed" testListId="8c84fa94-04c1-424b-9868-57a2d4851a1d" relativeResultsDirectory="7b70db3f-2778-4aa8-a608-57641356d946">
    </UnitTestResult>
  </Results>
</TestRun>